2022-11-25 14:50:04,384 Namespace(out_dir='out', frequent=10, eval_interval=1, gpu=False, num_workers=4)
2022-11-25 14:50:04,426 => load 200 samples
2022-11-25 14:50:04,427 => load 200 samples
2022-11-25 14:50:04,880 Epoch: [0][0/200]	Time 0.451s (0.451s)	Speed 70.9 samples/s	Data 0.080s (0.080s)	Loss 2.53597 (2.53597)
2022-11-25 14:50:08,410 Epoch: [0][10/200]	Time 0.359s (0.362s)	Speed 89.2 samples/s	Data 0.002s (0.009s)	Loss 2.05244 (2.26273)
2022-11-25 14:50:11,658 Epoch: [0][20/200]	Time 0.313s (0.344s)	Speed 102.1 samples/s	Data 0.002s (0.006s)	Loss 1.76617 (2.08506)
2022-11-25 14:50:14,881 Epoch: [0][30/200]	Time 0.317s (0.337s)	Speed 100.8 samples/s	Data 0.002s (0.005s)	Loss 1.51303 (1.93461)
2022-11-25 14:50:18,102 Epoch: [0][40/200]	Time 0.325s (0.334s)	Speed 98.6 samples/s	Data 0.002s (0.004s)	Loss 1.28887 (1.80125)
2022-11-25 14:50:21,311 Epoch: [0][50/200]	Time 0.319s (0.331s)	Speed 100.5 samples/s	Data 0.002s (0.004s)	Loss 1.09631 (1.68035)
2022-11-25 14:50:24,534 Epoch: [0][60/200]	Time 0.313s (0.330s)	Speed 102.3 samples/s	Data 0.002s (0.004s)	Loss 0.92823 (1.56865)
2022-11-25 14:50:27,844 Epoch: [0][70/200]	Time 0.367s (0.330s)	Speed 87.2 samples/s	Data 0.002s (0.003s)	Loss 0.77017 (1.46682)
2022-11-25 14:50:31,529 Epoch: [0][80/200]	Time 0.344s (0.335s)	Speed 93.1 samples/s	Data 0.002s (0.003s)	Loss 0.65939 (1.37337)
2022-11-25 14:50:35,588 Epoch: [0][90/200]	Time 0.329s (0.342s)	Speed 97.4 samples/s	Data 0.002s (0.003s)	Loss 0.57869 (1.28917)
2022-11-25 14:50:38,961 Epoch: [0][100/200]	Time 0.330s (0.342s)	Speed 96.9 samples/s	Data 0.002s (0.003s)	Loss 0.48613 (1.21331)
2022-11-25 14:50:42,237 Epoch: [0][110/200]	Time 0.326s (0.341s)	Speed 98.2 samples/s	Data 0.002s (0.003s)	Loss 0.41560 (1.14472)
2022-11-25 14:50:45,488 Epoch: [0][120/200]	Time 0.326s (0.339s)	Speed 98.2 samples/s	Data 0.002s (0.003s)	Loss 0.36418 (1.08290)
2022-11-25 14:50:48,739 Epoch: [0][130/200]	Time 0.327s (0.338s)	Speed 97.9 samples/s	Data 0.002s (0.003s)	Loss 0.34622 (1.02681)
2022-11-25 14:50:52,122 Epoch: [0][140/200]	Time 0.350s (0.338s)	Speed 91.4 samples/s	Data 0.002s (0.003s)	Loss 0.30865 (0.97690)
2022-11-25 14:50:55,463 Epoch: [0][150/200]	Time 0.321s (0.338s)	Speed 99.6 samples/s	Data 0.002s (0.003s)	Loss 0.28658 (0.93133)
2022-11-25 14:50:58,760 Epoch: [0][160/200]	Time 0.333s (0.337s)	Speed 96.1 samples/s	Data 0.002s (0.003s)	Loss 0.26869 (0.89028)
2022-11-25 14:51:02,313 Epoch: [0][170/200]	Time 0.475s (0.339s)	Speed 67.3 samples/s	Data 0.003s (0.003s)	Loss 0.25805 (0.85300)
2022-11-25 14:51:06,177 Epoch: [0][180/200]	Time 0.401s (0.341s)	Speed 79.8 samples/s	Data 0.003s (0.003s)	Loss 0.23071 (0.81909)
2022-11-25 14:51:09,454 Epoch: [0][190/200]	Time 0.330s (0.340s)	Speed 96.8 samples/s	Data 0.003s (0.003s)	Loss 0.20657 (0.78753)
2022-11-25 14:51:12,492 Test: [0/200]	Time 0.080 (0.080)	Loss 0.4269 (0.4269)
2022-11-25 14:51:12,734 Test: [10/200]	Time 0.020 (0.029)	Loss 0.1465 (0.3494)
2022-11-25 14:51:12,967 Test: [20/200]	Time 0.019 (0.026)	Loss 0.2583 (0.3605)
2022-11-25 14:51:13,196 Test: [30/200]	Time 0.020 (0.025)	Loss 0.5190 (0.3681)
2022-11-25 14:51:13,442 Test: [40/200]	Time 0.020 (0.025)	Loss 0.3875 (0.3826)
2022-11-25 14:51:13,677 Test: [50/200]	Time 0.019 (0.025)	Loss 0.4595 (0.3858)
2022-11-25 14:51:13,924 Test: [60/200]	Time 0.021 (0.025)	Loss 0.4359 (0.3862)
2022-11-25 14:51:14,165 Test: [70/200]	Time 0.019 (0.025)	Loss 0.3700 (0.3853)
2022-11-25 14:51:14,395 Test: [80/200]	Time 0.020 (0.024)	Loss 0.4713 (0.3807)
2022-11-25 14:51:14,630 Test: [90/200]	Time 0.021 (0.024)	Loss 0.4701 (0.3840)
2022-11-25 14:51:14,860 Test: [100/200]	Time 0.020 (0.024)	Loss 0.4771 (0.3829)
2022-11-25 14:51:15,087 Test: [110/200]	Time 0.020 (0.024)	Loss 0.4609 (0.3846)
2022-11-25 14:51:15,324 Test: [120/200]	Time 0.021 (0.024)	Loss 0.4420 (0.3823)
2022-11-25 14:51:15,618 Test: [130/200]	Time 0.027 (0.024)	Loss 0.3675 (0.3864)
2022-11-25 14:51:15,850 Test: [140/200]	Time 0.020 (0.024)	Loss 0.3492 (0.3854)
2022-11-25 14:51:16,094 Test: [150/200]	Time 0.021 (0.024)	Loss 0.4245 (0.3842)
2022-11-25 14:51:16,318 Test: [160/200]	Time 0.020 (0.024)	Loss 0.4018 (0.3840)
2022-11-25 14:51:16,554 Test: [170/200]	Time 0.021 (0.024)	Loss 0.2830 (0.3817)
2022-11-25 14:51:16,789 Test: [180/200]	Time 0.021 (0.024)	Loss 0.3188 (0.3797)
2022-11-25 14:51:17,022 Test: [190/200]	Time 0.022 (0.024)	Loss 0.3260 (0.3808)
2022-11-25 14:51:18,100 Mean IoU score: 0.194
2022-11-25 14:51:18,104 => saving checkpoint to out
2022-11-25 14:51:18,792 Epoch: [1][0/200]	Time 0.656s (0.656s)	Speed 48.8 samples/s	Data 0.108s (0.108s)	Loss 0.20012 (0.20012)
2022-11-25 14:51:22,292 Epoch: [1][10/200]	Time 0.325s (0.378s)	Speed 98.4 samples/s	Data 0.002s (0.012s)	Loss 0.19916 (0.20684)
2022-11-25 14:51:25,611 Epoch: [1][20/200]	Time 0.323s (0.356s)	Speed 99.1 samples/s	Data 0.002s (0.007s)	Loss 0.25032 (0.20327)
2022-11-25 14:51:28,821 Epoch: [1][30/200]	Time 0.309s (0.345s)	Speed 103.4 samples/s	Data 0.002s (0.006s)	Loss 0.16579 (0.19988)
2022-11-25 14:51:32,730 Epoch: [1][40/200]	Time 0.430s (0.356s)	Speed 74.4 samples/s	Data 0.003s (0.005s)	Loss 0.17818 (0.19476)
2022-11-25 14:51:37,113 Epoch: [1][50/200]	Time 0.349s (0.372s)	Speed 91.6 samples/s	Data 0.002s (0.005s)	Loss 0.15361 (0.19078)
2022-11-25 14:51:40,673 Epoch: [1][60/200]	Time 0.354s (0.369s)	Speed 90.5 samples/s	Data 0.002s (0.004s)	Loss 0.16291 (0.18686)
2022-11-25 14:51:45,355 Epoch: [1][70/200]	Time 0.333s (0.383s)	Speed 96.2 samples/s	Data 0.002s (0.004s)	Loss 0.15636 (0.18268)
2022-11-25 14:51:48,683 Epoch: [1][80/200]	Time 0.326s (0.377s)	Speed 98.1 samples/s	Data 0.002s (0.004s)	Loss 0.11725 (0.17780)
2022-11-25 14:51:52,196 Epoch: [1][90/200]	Time 0.332s (0.374s)	Speed 96.4 samples/s	Data 0.002s (0.004s)	Loss 0.13677 (0.17300)
2022-11-25 14:51:55,556 Epoch: [1][100/200]	Time 0.335s (0.370s)	Speed 95.5 samples/s	Data 0.002s (0.004s)	Loss 0.12747 (0.16977)
2022-11-25 14:51:58,965 Epoch: [1][110/200]	Time 0.361s (0.368s)	Speed 88.6 samples/s	Data 0.003s (0.003s)	Loss 0.11877 (0.16620)
2022-11-25 14:52:02,389 Epoch: [1][120/200]	Time 0.335s (0.366s)	Speed 95.5 samples/s	Data 0.002s (0.003s)	Loss 0.10356 (0.16205)
2022-11-25 14:52:05,985 Epoch: [1][130/200]	Time 0.331s (0.365s)	Speed 96.7 samples/s	Data 0.002s (0.003s)	Loss 0.10236 (0.15818)
2022-11-25 14:52:09,353 Epoch: [1][140/200]	Time 0.328s (0.363s)	Speed 97.5 samples/s	Data 0.002s (0.003s)	Loss 0.12054 (0.15469)
2022-11-25 14:52:12,785 Epoch: [1][150/200]	Time 0.336s (0.362s)	Speed 95.3 samples/s	Data 0.002s (0.003s)	Loss 0.09148 (0.15123)
2022-11-25 14:52:16,216 Epoch: [1][160/200]	Time 0.342s (0.361s)	Speed 93.5 samples/s	Data 0.002s (0.003s)	Loss 0.10305 (0.14812)
2022-11-25 14:52:19,593 Epoch: [1][170/200]	Time 0.326s (0.359s)	Speed 98.0 samples/s	Data 0.002s (0.003s)	Loss 0.08831 (0.14509)
2022-11-25 14:52:23,351 Epoch: [1][180/200]	Time 0.470s (0.360s)	Speed 68.1 samples/s	Data 0.002s (0.003s)	Loss 0.09554 (0.14216)
2022-11-25 14:52:27,048 Epoch: [1][190/200]	Time 0.324s (0.361s)	Speed 98.6 samples/s	Data 0.002s (0.003s)	Loss 0.09284 (0.13943)
2022-11-25 14:52:30,143 Test: [0/200]	Time 0.081 (0.081)	Loss 0.2843 (0.2843)
2022-11-25 14:52:30,493 Test: [10/200]	Time 0.032 (0.039)	Loss 0.0596 (0.2075)
2022-11-25 14:52:30,821 Test: [20/200]	Time 0.025 (0.036)	Loss 0.1492 (0.2087)
2022-11-25 14:52:31,134 Test: [30/200]	Time 0.027 (0.035)	Loss 0.3158 (0.2169)
2022-11-25 14:52:31,378 Test: [40/200]	Time 0.020 (0.032)	Loss 0.1971 (0.2249)
2022-11-25 14:52:31,650 Test: [50/200]	Time 0.026 (0.031)	Loss 0.2640 (0.2251)
2022-11-25 14:52:31,962 Test: [60/200]	Time 0.021 (0.031)	Loss 0.2765 (0.2273)
2022-11-25 14:52:32,292 Test: [70/200]	Time 0.033 (0.031)	Loss 0.2124 (0.2265)
2022-11-25 14:52:32,683 Test: [80/200]	Time 0.036 (0.032)	Loss 0.2813 (0.2230)
2022-11-25 14:52:33,035 Test: [90/200]	Time 0.031 (0.033)	Loss 0.2911 (0.2252)
2022-11-25 14:52:33,318 Test: [100/200]	Time 0.022 (0.032)	Loss 0.3216 (0.2235)
2022-11-25 14:52:33,559 Test: [110/200]	Time 0.021 (0.031)	Loss 0.2960 (0.2242)
2022-11-25 14:52:33,799 Test: [120/200]	Time 0.021 (0.031)	Loss 0.2637 (0.2228)
2022-11-25 14:52:34,081 Test: [130/200]	Time 0.023 (0.031)	Loss 0.1889 (0.2253)
2022-11-25 14:52:34,403 Test: [140/200]	Time 0.024 (0.031)	Loss 0.2113 (0.2249)
2022-11-25 14:52:34,688 Test: [150/200]	Time 0.025 (0.031)	Loss 0.2177 (0.2235)
2022-11-25 14:52:34,981 Test: [160/200]	Time 0.027 (0.031)	Loss 0.2654 (0.2231)
2022-11-25 14:52:35,231 Test: [170/200]	Time 0.021 (0.030)	Loss 0.1510 (0.2210)
2022-11-25 14:52:35,472 Test: [180/200]	Time 0.022 (0.030)	Loss 0.1676 (0.2195)
2022-11-25 14:52:35,714 Test: [190/200]	Time 0.021 (0.030)	Loss 0.1551 (0.2204)
2022-11-25 14:52:36,863 Mean IoU score: 0.519
2022-11-25 14:52:36,868 => saving checkpoint to out
2022-11-25 14:52:37,405 Epoch: [2][0/200]	Time 0.484s (0.484s)	Speed 66.1 samples/s	Data 0.085s (0.085s)	Loss 0.07162 (0.07162)
2022-11-25 14:52:40,735 Epoch: [2][10/200]	Time 0.323s (0.347s)	Speed 99.0 samples/s	Data 0.002s (0.010s)	Loss 0.07962 (0.08025)
2022-11-25 14:52:44,097 Epoch: [2][20/200]	Time 0.336s (0.342s)	Speed 95.2 samples/s	Data 0.002s (0.006s)	Loss 0.07681 (0.07705)
2022-11-25 14:52:47,700 Epoch: [2][30/200]	Time 0.361s (0.348s)	Speed 88.6 samples/s	Data 0.002s (0.005s)	Loss 0.06581 (0.07438)
2022-11-25 14:52:51,631 Epoch: [2][40/200]	Time 0.374s (0.359s)	Speed 85.6 samples/s	Data 0.002s (0.005s)	Loss 0.06840 (0.07393)
2022-11-25 14:52:55,023 Epoch: [2][50/200]	Time 0.332s (0.355s)	Speed 96.5 samples/s	Data 0.002s (0.004s)	Loss 0.06239 (0.07249)
2022-11-25 14:52:58,577 Epoch: [2][60/200]	Time 0.350s (0.355s)	Speed 91.4 samples/s	Data 0.003s (0.004s)	Loss 0.05676 (0.07112)
2022-11-25 14:53:02,049 Epoch: [2][70/200]	Time 0.341s (0.354s)	Speed 93.8 samples/s	Data 0.003s (0.004s)	Loss 0.07333 (0.06988)
2022-11-25 14:53:05,508 Epoch: [2][80/200]	Time 0.363s (0.353s)	Speed 88.3 samples/s	Data 0.003s (0.004s)	Loss 0.06613 (0.06895)
2022-11-25 14:53:09,093 Epoch: [2][90/200]	Time 0.356s (0.354s)	Speed 89.8 samples/s	Data 0.002s (0.003s)	Loss 0.05089 (0.06761)
2022-11-25 14:53:12,419 Epoch: [2][100/200]	Time 0.333s (0.351s)	Speed 96.1 samples/s	Data 0.003s (0.003s)	Loss 0.05776 (0.06620)
2022-11-25 14:53:15,792 Epoch: [2][110/200]	Time 0.329s (0.350s)	Speed 97.4 samples/s	Data 0.002s (0.003s)	Loss 0.05694 (0.06571)
2022-11-25 14:53:19,144 Epoch: [2][120/200]	Time 0.342s (0.349s)	Speed 93.5 samples/s	Data 0.002s (0.003s)	Loss 0.05589 (0.06444)
2022-11-25 14:53:22,485 Epoch: [2][130/200]	Time 0.334s (0.348s)	Speed 95.7 samples/s	Data 0.002s (0.003s)	Loss 0.05824 (0.06345)
2022-11-25 14:53:25,883 Epoch: [2][140/200]	Time 0.328s (0.347s)	Speed 97.6 samples/s	Data 0.003s (0.003s)	Loss 0.05810 (0.06260)
2022-11-25 14:53:29,248 Epoch: [2][150/200]	Time 0.340s (0.347s)	Speed 94.2 samples/s	Data 0.003s (0.003s)	Loss 0.04346 (0.06210)
2022-11-25 14:53:32,613 Epoch: [2][160/200]	Time 0.336s (0.346s)	Speed 95.4 samples/s	Data 0.003s (0.003s)	Loss 0.04290 (0.06121)
2022-11-25 14:53:35,972 Epoch: [2][170/200]	Time 0.331s (0.345s)	Speed 96.6 samples/s	Data 0.002s (0.003s)	Loss 0.04747 (0.06038)
2022-11-25 14:53:39,347 Epoch: [2][180/200]	Time 0.342s (0.345s)	Speed 93.5 samples/s	Data 0.002s (0.003s)	Loss 0.04405 (0.05947)
2022-11-25 14:53:42,816 Epoch: [2][190/200]	Time 0.325s (0.345s)	Speed 98.4 samples/s	Data 0.002s (0.003s)	Loss 0.05144 (0.05868)
2022-11-25 14:53:45,970 Test: [0/200]	Time 0.076 (0.076)	Loss 0.1109 (0.1109)
2022-11-25 14:53:46,245 Test: [10/200]	Time 0.021 (0.032)	Loss 0.0305 (0.1082)
2022-11-25 14:53:46,505 Test: [20/200]	Time 0.020 (0.029)	Loss 0.0769 (0.1123)
2022-11-25 14:53:46,781 Test: [30/200]	Time 0.020 (0.029)	Loss 0.1868 (0.1197)
2022-11-25 14:53:47,040 Test: [40/200]	Time 0.022 (0.028)	Loss 0.1180 (0.1233)
2022-11-25 14:53:47,295 Test: [50/200]	Time 0.021 (0.027)	Loss 0.1656 (0.1246)
2022-11-25 14:53:47,575 Test: [60/200]	Time 0.021 (0.028)	Loss 0.1565 (0.1289)
2022-11-25 14:53:47,815 Test: [70/200]	Time 0.022 (0.027)	Loss 0.1120 (0.1281)
2022-11-25 14:53:48,068 Test: [80/200]	Time 0.022 (0.027)	Loss 0.1474 (0.1262)
2022-11-25 14:53:48,313 Test: [90/200]	Time 0.022 (0.027)	Loss 0.1937 (0.1280)
2022-11-25 14:53:48,559 Test: [100/200]	Time 0.022 (0.026)	Loss 0.1925 (0.1274)
2022-11-25 14:53:48,806 Test: [110/200]	Time 0.020 (0.026)	Loss 0.1945 (0.1280)
2022-11-25 14:53:49,068 Test: [120/200]	Time 0.022 (0.026)	Loss 0.1554 (0.1261)
2022-11-25 14:53:49,319 Test: [130/200]	Time 0.020 (0.026)	Loss 0.1212 (0.1274)
2022-11-25 14:53:49,553 Test: [140/200]	Time 0.021 (0.026)	Loss 0.0972 (0.1265)
2022-11-25 14:53:49,797 Test: [150/200]	Time 0.021 (0.026)	Loss 0.1145 (0.1252)
2022-11-25 14:53:50,044 Test: [160/200]	Time 0.022 (0.026)	Loss 0.1360 (0.1250)
2022-11-25 14:53:50,316 Test: [170/200]	Time 0.021 (0.026)	Loss 0.1270 (0.1237)
2022-11-25 14:53:50,565 Test: [180/200]	Time 0.021 (0.026)	Loss 0.1086 (0.1226)
2022-11-25 14:53:50,814 Test: [190/200]	Time 0.028 (0.026)	Loss 0.0891 (0.1227)
2022-11-25 14:53:51,990 Mean IoU score: 0.735
2022-11-25 14:53:51,993 => saving checkpoint to out
2022-11-25 14:53:52,516 Epoch: [3][0/200]	Time 0.471s (0.471s)	Speed 67.9 samples/s	Data 0.079s (0.079s)	Loss 0.03835 (0.03835)
2022-11-25 14:53:55,868 Epoch: [3][10/200]	Time 0.328s (0.348s)	Speed 97.6 samples/s	Data 0.003s (0.010s)	Loss 0.04378 (0.04155)
2022-11-25 14:53:59,207 Epoch: [3][20/200]	Time 0.345s (0.341s)	Speed 92.6 samples/s	Data 0.003s (0.006s)	Loss 0.05930 (0.04035)
2022-11-25 14:54:02,540 Epoch: [3][30/200]	Time 0.323s (0.339s)	Speed 98.9 samples/s	Data 0.002s (0.005s)	Loss 0.02635 (0.03968)
2022-11-25 14:54:05,894 Epoch: [3][40/200]	Time 0.326s (0.338s)	Speed 98.1 samples/s	Data 0.002s (0.004s)	Loss 0.03557 (0.03894)
2022-11-25 14:54:09,244 Epoch: [3][50/200]	Time 0.339s (0.337s)	Speed 94.5 samples/s	Data 0.002s (0.004s)	Loss 0.02975 (0.03800)
2022-11-25 14:54:12,567 Epoch: [3][60/200]	Time 0.326s (0.336s)	Speed 98.0 samples/s	Data 0.003s (0.004s)	Loss 0.03148 (0.03715)
2022-11-25 14:54:16,024 Epoch: [3][70/200]	Time 0.449s (0.338s)	Speed 71.3 samples/s	Data 0.002s (0.004s)	Loss 0.03776 (0.03680)
2022-11-25 14:54:19,593 Epoch: [3][80/200]	Time 0.331s (0.340s)	Speed 96.7 samples/s	Data 0.002s (0.003s)	Loss 0.02568 (0.03661)
2022-11-25 14:54:23,316 Epoch: [3][90/200]	Time 0.362s (0.344s)	Speed 88.3 samples/s	Data 0.003s (0.003s)	Loss 0.03036 (0.03630)
2022-11-25 14:54:27,218 Epoch: [3][100/200]	Time 0.377s (0.348s)	Speed 84.8 samples/s	Data 0.003s (0.003s)	Loss 0.03302 (0.03615)
2022-11-25 14:54:30,574 Epoch: [3][110/200]	Time 0.332s (0.347s)	Speed 96.3 samples/s	Data 0.002s (0.003s)	Loss 0.02849 (0.03586)
2022-11-25 14:54:34,548 Epoch: [3][120/200]	Time 0.361s (0.351s)	Speed 88.7 samples/s	Data 0.002s (0.003s)	Loss 0.03838 (0.03573)
2022-11-25 14:54:39,234 Epoch: [3][130/200]	Time 0.454s (0.360s)	Speed 70.5 samples/s	Data 0.003s (0.003s)	Loss 0.03394 (0.03561)
2022-11-25 14:54:43,408 Epoch: [3][140/200]	Time 0.351s (0.364s)	Speed 91.1 samples/s	Data 0.002s (0.003s)	Loss 0.03443 (0.03544)
2022-11-25 14:54:48,558 Epoch: [3][150/200]	Time 0.392s (0.374s)	Speed 81.5 samples/s	Data 0.003s (0.003s)	Loss 0.02414 (0.03534)
2022-11-25 14:54:53,123 Epoch: [3][160/200]	Time 0.380s (0.379s)	Speed 84.3 samples/s	Data 0.002s (0.003s)	Loss 0.03473 (0.03547)
2022-11-25 14:54:57,770 Epoch: [3][170/200]	Time 0.525s (0.384s)	Speed 61.0 samples/s	Data 0.003s (0.003s)	Loss 0.04194 (0.03538)
2022-11-25 14:55:02,414 Epoch: [3][180/200]	Time 0.535s (0.389s)	Speed 59.8 samples/s	Data 0.003s (0.003s)	Loss 0.03157 (0.03513)
2022-11-25 14:55:07,483 Epoch: [3][190/200]	Time 0.542s (0.395s)	Speed 59.0 samples/s	Data 0.008s (0.003s)	Loss 0.02339 (0.03490)
2022-11-25 14:55:11,526 Test: [0/200]	Time 0.099 (0.099)	Loss 0.1149 (0.1149)
2022-11-25 14:55:11,895 Test: [10/200]	Time 0.027 (0.043)	Loss 0.0190 (0.0828)
2022-11-25 14:55:12,327 Test: [20/200]	Time 0.042 (0.043)	Loss 0.0524 (0.0861)
2022-11-25 14:55:12,797 Test: [30/200]	Time 0.043 (0.044)	Loss 0.1390 (0.0922)
2022-11-25 14:55:13,200 Test: [40/200]	Time 0.031 (0.043)	Loss 0.0872 (0.0963)
2022-11-25 14:55:13,622 Test: [50/200]	Time 0.025 (0.043)	Loss 0.1302 (0.0963)
2022-11-25 14:55:13,964 Test: [60/200]	Time 0.042 (0.042)	Loss 0.1088 (0.0981)
2022-11-25 14:55:14,401 Test: [70/200]	Time 0.037 (0.042)	Loss 0.0918 (0.0986)
2022-11-25 14:55:14,792 Test: [80/200]	Time 0.039 (0.042)	Loss 0.1238 (0.0972)
2022-11-25 14:55:15,146 Test: [90/200]	Time 0.044 (0.041)	Loss 0.1274 (0.0986)
2022-11-25 14:55:15,468 Test: [100/200]	Time 0.026 (0.040)	Loss 0.1445 (0.0981)
2022-11-25 14:55:15,719 Test: [110/200]	Time 0.021 (0.039)	Loss 0.1523 (0.0988)
2022-11-25 14:55:16,071 Test: [120/200]	Time 0.035 (0.038)	Loss 0.1067 (0.0976)
2022-11-25 14:55:16,465 Test: [130/200]	Time 0.031 (0.038)	Loss 0.0905 (0.0982)
2022-11-25 14:55:16,915 Test: [140/200]	Time 0.046 (0.039)	Loss 0.1049 (0.0981)
2022-11-25 14:55:17,353 Test: [150/200]	Time 0.032 (0.039)	Loss 0.0907 (0.0973)
2022-11-25 14:55:17,735 Test: [160/200]	Time 0.029 (0.039)	Loss 0.0884 (0.0972)
2022-11-25 14:55:18,023 Test: [170/200]	Time 0.024 (0.039)	Loss 0.0900 (0.0962)
2022-11-25 14:55:18,305 Test: [180/200]	Time 0.029 (0.038)	Loss 0.0755 (0.0957)
2022-11-25 14:55:18,694 Test: [190/200]	Time 0.030 (0.038)	Loss 0.0563 (0.0958)
2022-11-25 14:55:20,250 Mean IoU score: 0.786
2022-11-25 14:55:20,252 => saving checkpoint to out
2022-11-25 14:55:20,829 Epoch: [4][0/200]	Time 0.534s (0.534s)	Speed 59.9 samples/s	Data 0.110s (0.110s)	Loss 0.03732 (0.03732)
2022-11-25 14:55:24,079 Epoch: [4][10/200]	Time 0.344s (0.344s)	Speed 93.0 samples/s	Data 0.002s (0.012s)	Loss 0.02539 (0.02907)
2022-11-25 14:55:27,372 Epoch: [4][20/200]	Time 0.317s (0.337s)	Speed 101.1 samples/s	Data 0.002s (0.007s)	Loss 0.02317 (0.02709)
2022-11-25 14:55:30,603 Epoch: [4][30/200]	Time 0.325s (0.333s)	Speed 98.5 samples/s	Data 0.002s (0.006s)	Loss 0.02369 (0.02689)
2022-11-25 14:55:33,797 Epoch: [4][40/200]	Time 0.317s (0.329s)	Speed 100.9 samples/s	Data 0.002s (0.005s)	Loss 0.02463 (0.02702)
2022-11-25 14:55:37,048 Epoch: [4][50/200]	Time 0.336s (0.328s)	Speed 95.4 samples/s	Data 0.002s (0.004s)	Loss 0.02270 (0.02665)
2022-11-25 14:55:40,354 Epoch: [4][60/200]	Time 0.326s (0.329s)	Speed 98.2 samples/s	Data 0.003s (0.004s)	Loss 0.01860 (0.02605)
2022-11-25 14:55:43,570 Epoch: [4][70/200]	Time 0.321s (0.328s)	Speed 99.6 samples/s	Data 0.003s (0.004s)	Loss 0.02517 (0.02599)
2022-11-25 14:55:46,844 Epoch: [4][80/200]	Time 0.318s (0.328s)	Speed 100.6 samples/s	Data 0.002s (0.004s)	Loss 0.02498 (0.02579)
2022-11-25 14:55:50,218 Epoch: [4][90/200]	Time 0.325s (0.329s)	Speed 98.5 samples/s	Data 0.002s (0.004s)	Loss 0.02479 (0.02558)
2022-11-25 14:55:53,544 Epoch: [4][100/200]	Time 0.315s (0.329s)	Speed 101.4 samples/s	Data 0.002s (0.003s)	Loss 0.02579 (0.02553)
2022-11-25 14:55:56,981 Epoch: [4][110/200]	Time 0.333s (0.331s)	Speed 96.1 samples/s	Data 0.002s (0.003s)	Loss 0.02780 (0.02560)
2022-11-25 14:56:01,317 Epoch: [4][120/200]	Time 0.352s (0.339s)	Speed 91.0 samples/s	Data 0.002s (0.003s)	Loss 0.02589 (0.02543)
2022-11-25 14:56:04,922 Epoch: [4][130/200]	Time 0.339s (0.341s)	Speed 94.4 samples/s	Data 0.002s (0.003s)	Loss 0.02415 (0.02547)
2022-11-25 14:56:08,425 Epoch: [4][140/200]	Time 0.342s (0.341s)	Speed 93.6 samples/s	Data 0.002s (0.003s)	Loss 0.02280 (0.02553)
2022-11-25 14:56:11,930 Epoch: [4][150/200]	Time 0.406s (0.342s)	Speed 78.8 samples/s	Data 0.002s (0.003s)	Loss 0.01994 (0.02544)
2022-11-25 14:56:15,569 Epoch: [4][160/200]	Time 0.353s (0.343s)	Speed 90.5 samples/s	Data 0.002s (0.003s)	Loss 0.02195 (0.02522)
2022-11-25 14:56:19,235 Epoch: [4][170/200]	Time 0.352s (0.345s)	Speed 91.0 samples/s	Data 0.002s (0.003s)	Loss 0.01962 (0.02512)
2022-11-25 14:56:22,638 Epoch: [4][180/200]	Time 0.336s (0.344s)	Speed 95.2 samples/s	Data 0.002s (0.003s)	Loss 0.03748 (0.02510)
2022-11-25 14:56:26,065 Epoch: [4][190/200]	Time 0.346s (0.344s)	Speed 92.4 samples/s	Data 0.003s (0.003s)	Loss 0.02471 (0.02502)
2022-11-25 14:56:29,213 Test: [0/200]	Time 0.074 (0.074)	Loss 0.0933 (0.0933)
2022-11-25 14:56:29,569 Test: [10/200]	Time 0.045 (0.039)	Loss 0.0185 (0.0676)
2022-11-25 14:56:29,989 Test: [20/200]	Time 0.028 (0.040)	Loss 0.0483 (0.0697)
2022-11-25 14:56:30,347 Test: [30/200]	Time 0.031 (0.039)	Loss 0.1227 (0.0776)
2022-11-25 14:56:30,701 Test: [40/200]	Time 0.031 (0.038)	Loss 0.0487 (0.0797)
2022-11-25 14:56:31,051 Test: [50/200]	Time 0.039 (0.037)	Loss 0.1146 (0.0803)
2022-11-25 14:56:31,555 Test: [60/200]	Time 0.033 (0.040)	Loss 0.1159 (0.0822)
2022-11-25 14:56:31,943 Test: [70/200]	Time 0.032 (0.039)	Loss 0.0657 (0.0814)
2022-11-25 14:56:32,402 Test: [80/200]	Time 0.045 (0.040)	Loss 0.0917 (0.0797)
2022-11-25 14:56:32,872 Test: [90/200]	Time 0.039 (0.041)	Loss 0.1238 (0.0819)
2022-11-25 14:56:33,315 Test: [100/200]	Time 0.035 (0.041)	Loss 0.1144 (0.0815)
2022-11-25 14:56:33,672 Test: [110/200]	Time 0.026 (0.041)	Loss 0.1502 (0.0823)
2022-11-25 14:56:34,053 Test: [120/200]	Time 0.036 (0.041)	Loss 0.1019 (0.0813)
2022-11-25 14:56:34,292 Test: [130/200]	Time 0.022 (0.039)	Loss 0.0592 (0.0819)
2022-11-25 14:56:34,540 Test: [140/200]	Time 0.022 (0.038)	Loss 0.0673 (0.0811)
2022-11-25 14:56:34,794 Test: [150/200]	Time 0.023 (0.037)	Loss 0.0732 (0.0801)
2022-11-25 14:56:35,043 Test: [160/200]	Time 0.024 (0.037)	Loss 0.0835 (0.0800)
2022-11-25 14:56:35,374 Test: [170/200]	Time 0.036 (0.036)	Loss 0.0543 (0.0791)
2022-11-25 14:56:35,694 Test: [180/200]	Time 0.022 (0.036)	Loss 0.0490 (0.0784)
2022-11-25 14:56:35,945 Test: [190/200]	Time 0.023 (0.036)	Loss 0.0369 (0.0786)
2022-11-25 14:56:37,120 Mean IoU score: 0.817
2022-11-25 14:56:37,123 => saving checkpoint to out
2022-11-25 14:56:37,740 Epoch: [5][0/200]	Time 0.552s (0.552s)	Speed 58.0 samples/s	Data 0.108s (0.108s)	Loss 0.01826 (0.01826)
2022-11-25 14:56:41,561 Epoch: [5][10/200]	Time 0.336s (0.398s)	Speed 95.1 samples/s	Data 0.002s (0.012s)	Loss 0.01673 (0.02013)
2022-11-25 14:56:45,303 Epoch: [5][20/200]	Time 0.336s (0.386s)	Speed 95.3 samples/s	Data 0.002s (0.007s)	Loss 0.02231 (0.02087)
2022-11-25 14:56:48,686 Epoch: [5][30/200]	Time 0.330s (0.371s)	Speed 97.0 samples/s	Data 0.003s (0.006s)	Loss 0.02691 (0.02082)
2022-11-25 14:56:52,361 Epoch: [5][40/200]	Time 0.327s (0.370s)	Speed 97.7 samples/s	Data 0.002s (0.005s)	Loss 0.01919 (0.02067)
2022-11-25 14:56:55,908 Epoch: [5][50/200]	Time 0.334s (0.367s)	Speed 95.9 samples/s	Data 0.002s (0.005s)	Loss 0.02178 (0.02053)
2022-11-25 14:56:59,394 Epoch: [5][60/200]	Time 0.331s (0.364s)	Speed 96.7 samples/s	Data 0.002s (0.004s)	Loss 0.01499 (0.02016)
2022-11-25 14:57:02,791 Epoch: [5][70/200]	Time 0.330s (0.361s)	Speed 96.9 samples/s	Data 0.003s (0.004s)	Loss 0.01872 (0.02016)
2022-11-25 14:57:06,168 Epoch: [5][80/200]	Time 0.331s (0.358s)	Speed 96.6 samples/s	Data 0.002s (0.004s)	Loss 0.01840 (0.02005)
2022-11-25 14:57:09,590 Epoch: [5][90/200]	Time 0.329s (0.356s)	Speed 97.3 samples/s	Data 0.002s (0.004s)	Loss 0.01346 (0.02000)
2022-11-25 14:57:13,144 Epoch: [5][100/200]	Time 0.466s (0.356s)	Speed 68.7 samples/s	Data 0.003s (0.003s)	Loss 0.02117 (0.01987)
2022-11-25 14:57:16,646 Epoch: [5][110/200]	Time 0.330s (0.355s)	Speed 96.9 samples/s	Data 0.003s (0.003s)	Loss 0.02108 (0.01983)
2022-11-25 14:57:20,274 Epoch: [5][120/200]	Time 0.501s (0.356s)	Speed 63.8 samples/s	Data 0.003s (0.003s)	Loss 0.02023 (0.01970)
2022-11-25 14:57:24,726 Epoch: [5][130/200]	Time 0.430s (0.363s)	Speed 74.5 samples/s	Data 0.004s (0.003s)	Loss 0.02381 (0.01986)
2022-11-25 14:57:29,175 Epoch: [5][140/200]	Time 0.605s (0.369s)	Speed 52.9 samples/s	Data 0.003s (0.003s)	Loss 0.02262 (0.02000)
2022-11-25 14:57:33,462 Epoch: [5][150/200]	Time 0.412s (0.373s)	Speed 77.6 samples/s	Data 0.002s (0.003s)	Loss 0.02396 (0.02000)
2022-11-25 14:57:37,125 Epoch: [5][160/200]	Time 0.337s (0.372s)	Speed 95.0 samples/s	Data 0.002s (0.003s)	Loss 0.02174 (0.01991)
2022-11-25 14:57:40,582 Epoch: [5][170/200]	Time 0.327s (0.371s)	Speed 97.9 samples/s	Data 0.002s (0.003s)	Loss 0.01869 (0.01986)
2022-11-25 14:57:43,928 Epoch: [5][180/200]	Time 0.337s (0.369s)	Speed 95.1 samples/s	Data 0.002s (0.003s)	Loss 0.01809 (0.01990)
2022-11-25 14:57:47,236 Epoch: [5][190/200]	Time 0.320s (0.367s)	Speed 99.9 samples/s	Data 0.002s (0.003s)	Loss 0.01881 (0.01990)
2022-11-25 14:57:50,300 Test: [0/200]	Time 0.060 (0.060)	Loss 0.0704 (0.0704)
2022-11-25 14:57:50,570 Test: [10/200]	Time 0.022 (0.030)	Loss 0.0211 (0.0577)
2022-11-25 14:57:50,883 Test: [20/200]	Time 0.024 (0.031)	Loss 0.0389 (0.0601)
2022-11-25 14:57:51,178 Test: [30/200]	Time 0.026 (0.030)	Loss 0.1009 (0.0665)
2022-11-25 14:57:51,438 Test: [40/200]	Time 0.020 (0.029)	Loss 0.0586 (0.0699)
2022-11-25 14:57:51,759 Test: [50/200]	Time 0.026 (0.030)	Loss 0.1273 (0.0710)
2022-11-25 14:57:52,130 Test: [60/200]	Time 0.032 (0.031)	Loss 0.0847 (0.0723)
2022-11-25 14:57:52,420 Test: [70/200]	Time 0.024 (0.031)	Loss 0.0558 (0.0719)
2022-11-25 14:57:52,704 Test: [80/200]	Time 0.026 (0.030)	Loss 0.0894 (0.0706)
2022-11-25 14:57:52,937 Test: [90/200]	Time 0.019 (0.030)	Loss 0.0931 (0.0719)
2022-11-25 14:57:53,190 Test: [100/200]	Time 0.021 (0.029)	Loss 0.1048 (0.0714)
2022-11-25 14:57:53,422 Test: [110/200]	Time 0.023 (0.029)	Loss 0.1288 (0.0723)
2022-11-25 14:57:53,652 Test: [120/200]	Time 0.020 (0.028)	Loss 0.0847 (0.0711)
2022-11-25 14:57:53,946 Test: [130/200]	Time 0.030 (0.028)	Loss 0.0569 (0.0718)
2022-11-25 14:57:54,183 Test: [140/200]	Time 0.020 (0.028)	Loss 0.0731 (0.0716)
2022-11-25 14:57:54,442 Test: [150/200]	Time 0.021 (0.028)	Loss 0.0650 (0.0705)
2022-11-25 14:57:54,679 Test: [160/200]	Time 0.021 (0.028)	Loss 0.0708 (0.0707)
2022-11-25 14:57:54,912 Test: [170/200]	Time 0.019 (0.027)	Loss 0.0523 (0.0701)
2022-11-25 14:57:55,147 Test: [180/200]	Time 0.019 (0.027)	Loss 0.0519 (0.0695)
2022-11-25 14:57:55,385 Test: [190/200]	Time 0.021 (0.027)	Loss 0.0351 (0.0694)
2022-11-25 14:57:56,572 Mean IoU score: 0.834
2022-11-25 14:57:56,574 => saving checkpoint to out
2022-11-25 14:57:57,121 Epoch: [6][0/200]	Time 0.500s (0.500s)	Speed 63.9 samples/s	Data 0.076s (0.076s)	Loss 0.01628 (0.01628)
2022-11-25 14:58:00,393 Epoch: [6][10/200]	Time 0.319s (0.343s)	Speed 100.3 samples/s	Data 0.002s (0.009s)	Loss 0.02043 (0.01641)
2022-11-25 14:58:04,046 Epoch: [6][20/200]	Time 0.339s (0.354s)	Speed 94.4 samples/s	Data 0.002s (0.006s)	Loss 0.01607 (0.01714)
2022-11-25 14:58:08,320 Epoch: [6][30/200]	Time 0.610s (0.377s)	Speed 52.5 samples/s	Data 0.002s (0.005s)	Loss 0.01676 (0.01724)
2022-11-25 14:58:12,518 Epoch: [6][40/200]	Time 0.464s (0.388s)	Speed 68.9 samples/s	Data 0.008s (0.004s)	Loss 0.01808 (0.01714)
2022-11-25 14:58:16,781 Epoch: [6][50/200]	Time 0.456s (0.395s)	Speed 70.2 samples/s	Data 0.002s (0.004s)	Loss 0.01616 (0.01709)
2022-11-25 14:58:21,569 Epoch: [6][60/200]	Time 0.460s (0.409s)	Speed 69.6 samples/s	Data 0.002s (0.004s)	Loss 0.01446 (0.01684)
2022-11-25 14:58:26,393 Epoch: [6][70/200]	Time 0.477s (0.419s)	Speed 67.1 samples/s	Data 0.002s (0.004s)	Loss 0.01427 (0.01657)
2022-11-25 14:58:30,720 Epoch: [6][80/200]	Time 0.410s (0.421s)	Speed 78.1 samples/s	Data 0.004s (0.004s)	Loss 0.01484 (0.01648)
2022-11-25 14:58:35,194 Epoch: [6][90/200]	Time 0.382s (0.424s)	Speed 83.7 samples/s	Data 0.002s (0.004s)	Loss 0.01609 (0.01635)
2022-11-25 14:58:40,283 Epoch: [6][100/200]	Time 0.533s (0.432s)	Speed 60.0 samples/s	Data 0.003s (0.004s)	Loss 0.01506 (0.01628)
2022-11-25 14:58:46,273 Epoch: [6][110/200]	Time 0.588s (0.447s)	Speed 54.4 samples/s	Data 0.004s (0.004s)	Loss 0.01338 (0.01618)
2022-11-25 14:58:51,343 Epoch: [6][120/200]	Time 0.392s (0.452s)	Speed 81.6 samples/s	Data 0.003s (0.004s)	Loss 0.01674 (0.01612)
2022-11-25 14:58:55,417 Epoch: [6][130/200]	Time 0.382s (0.449s)	Speed 83.9 samples/s	Data 0.003s (0.003s)	Loss 0.01092 (0.01600)
2022-11-25 14:59:00,062 Epoch: [6][140/200]	Time 0.498s (0.450s)	Speed 64.2 samples/s	Data 0.003s (0.003s)	Loss 0.01324 (0.01591)
2022-11-25 14:59:04,417 Epoch: [6][150/200]	Time 0.385s (0.449s)	Speed 83.1 samples/s	Data 0.003s (0.003s)	Loss 0.01490 (0.01584)
2022-11-25 14:59:08,255 Epoch: [6][160/200]	Time 0.383s (0.445s)	Speed 83.6 samples/s	Data 0.002s (0.003s)	Loss 0.01822 (0.01582)
2022-11-25 14:59:12,239 Epoch: [6][170/200]	Time 0.381s (0.442s)	Speed 84.0 samples/s	Data 0.002s (0.003s)	Loss 0.01534 (0.01573)
2022-11-25 14:59:16,166 Epoch: [6][180/200]	Time 0.385s (0.439s)	Speed 83.0 samples/s	Data 0.002s (0.003s)	Loss 0.01098 (0.01573)
2022-11-25 14:59:20,403 Epoch: [6][190/200]	Time 0.385s (0.439s)	Speed 83.2 samples/s	Data 0.002s (0.003s)	Loss 0.01521 (0.01568)
2022-11-25 14:59:23,998 Test: [0/200]	Time 0.090 (0.090)	Loss 0.0620 (0.0620)
2022-11-25 14:59:24,343 Test: [10/200]	Time 0.033 (0.040)	Loss 0.0129 (0.0531)
2022-11-25 14:59:24,678 Test: [20/200]	Time 0.032 (0.037)	Loss 0.0282 (0.0547)
2022-11-25 14:59:25,011 Test: [30/200]	Time 0.033 (0.036)	Loss 0.0811 (0.0585)
2022-11-25 14:59:25,303 Test: [40/200]	Time 0.026 (0.034)	Loss 0.0473 (0.0601)
2022-11-25 14:59:25,626 Test: [50/200]	Time 0.023 (0.034)	Loss 0.1101 (0.0619)
2022-11-25 14:59:25,974 Test: [60/200]	Time 0.033 (0.034)	Loss 0.0889 (0.0630)
2022-11-25 14:59:26,304 Test: [70/200]	Time 0.028 (0.034)	Loss 0.0429 (0.0625)
2022-11-25 14:59:26,731 Test: [80/200]	Time 0.046 (0.035)	Loss 0.0696 (0.0606)
2022-11-25 14:59:27,217 Test: [90/200]	Time 0.038 (0.036)	Loss 0.0965 (0.0623)
2022-11-25 14:59:27,696 Test: [100/200]	Time 0.038 (0.038)	Loss 0.0869 (0.0618)
2022-11-25 14:59:28,144 Test: [110/200]	Time 0.040 (0.038)	Loss 0.1282 (0.0628)
2022-11-25 14:59:28,579 Test: [120/200]	Time 0.046 (0.039)	Loss 0.0693 (0.0615)
2022-11-25 14:59:29,040 Test: [130/200]	Time 0.038 (0.039)	Loss 0.0523 (0.0617)
2022-11-25 14:59:29,585 Test: [140/200]	Time 0.054 (0.040)	Loss 0.0620 (0.0613)
2022-11-25 14:59:30,079 Test: [150/200]	Time 0.037 (0.041)	Loss 0.0563 (0.0603)
2022-11-25 14:59:30,520 Test: [160/200]	Time 0.042 (0.041)	Loss 0.0657 (0.0604)
2022-11-25 14:59:30,954 Test: [170/200]	Time 0.038 (0.041)	Loss 0.0368 (0.0598)
2022-11-25 14:59:31,398 Test: [180/200]	Time 0.039 (0.041)	Loss 0.0469 (0.0594)
2022-11-25 14:59:31,822 Test: [190/200]	Time 0.039 (0.041)	Loss 0.0299 (0.0597)
2022-11-25 14:59:33,660 Mean IoU score: 0.858
2022-11-25 14:59:33,661 => saving checkpoint to out
2022-11-25 14:59:34,496 Epoch: [7][0/200]	Time 0.778s (0.778s)	Speed 41.1 samples/s	Data 0.090s (0.090s)	Loss 0.01412 (0.01412)
2022-11-25 14:59:40,062 Epoch: [7][10/200]	Time 0.585s (0.577s)	Speed 54.7 samples/s	Data 0.003s (0.011s)	Loss 0.01253 (0.01415)
2022-11-25 14:59:45,243 Epoch: [7][20/200]	Time 0.557s (0.549s)	Speed 57.5 samples/s	Data 0.004s (0.008s)	Loss 0.01614 (0.01412)
2022-11-25 14:59:50,282 Epoch: [7][30/200]	Time 0.502s (0.534s)	Speed 63.8 samples/s	Data 0.005s (0.006s)	Loss 0.01523 (0.01383)
2022-11-25 14:59:55,486 Epoch: [7][40/200]	Time 0.509s (0.531s)	Speed 62.9 samples/s	Data 0.003s (0.006s)	Loss 0.01098 (0.01386)
2022-11-25 15:00:00,930 Epoch: [7][50/200]	Time 0.578s (0.534s)	Speed 55.4 samples/s	Data 0.003s (0.005s)	Loss 0.01361 (0.01374)
2022-11-25 15:00:06,457 Epoch: [7][60/200]	Time 0.517s (0.537s)	Speed 61.8 samples/s	Data 0.003s (0.005s)	Loss 0.01226 (0.01369)
2022-11-25 15:00:11,594 Epoch: [7][70/200]	Time 0.566s (0.533s)	Speed 56.6 samples/s	Data 0.005s (0.005s)	Loss 0.01132 (0.01354)
2022-11-25 15:00:17,018 Epoch: [7][80/200]	Time 0.525s (0.535s)	Speed 61.0 samples/s	Data 0.003s (0.005s)	Loss 0.01119 (0.01352)
2022-11-25 15:00:22,300 Epoch: [7][90/200]	Time 0.501s (0.534s)	Speed 63.9 samples/s	Data 0.004s (0.005s)	Loss 0.01505 (0.01338)
2022-11-25 15:00:27,757 Epoch: [7][100/200]	Time 0.501s (0.535s)	Speed 63.9 samples/s	Data 0.003s (0.005s)	Loss 0.01514 (0.01343)
2022-11-25 15:00:33,052 Epoch: [7][110/200]	Time 0.513s (0.535s)	Speed 62.4 samples/s	Data 0.003s (0.005s)	Loss 0.00954 (0.01336)
2022-11-25 15:00:38,422 Epoch: [7][120/200]	Time 0.572s (0.535s)	Speed 55.9 samples/s	Data 0.003s (0.004s)	Loss 0.01270 (0.01345)
2022-11-25 15:00:43,678 Epoch: [7][130/200]	Time 0.566s (0.534s)	Speed 56.6 samples/s	Data 0.003s (0.004s)	Loss 0.01182 (0.01343)
2022-11-25 15:00:49,149 Epoch: [7][140/200]	Time 0.575s (0.535s)	Speed 55.6 samples/s	Data 0.006s (0.004s)	Loss 0.01659 (0.01335)
2022-11-25 15:00:54,452 Epoch: [7][150/200]	Time 0.555s (0.535s)	Speed 57.7 samples/s	Data 0.004s (0.004s)	Loss 0.01123 (0.01327)
2022-11-25 15:00:58,615 Epoch: [7][160/200]	Time 0.391s (0.527s)	Speed 81.9 samples/s	Data 0.003s (0.004s)	Loss 0.01527 (0.01321)
2022-11-25 15:01:02,701 Epoch: [7][170/200]	Time 0.395s (0.520s)	Speed 81.1 samples/s	Data 0.003s (0.004s)	Loss 0.01358 (0.01320)
2022-11-25 15:01:06,602 Epoch: [7][180/200]	Time 0.386s (0.513s)	Speed 83.0 samples/s	Data 0.002s (0.004s)	Loss 0.01191 (0.01318)
2022-11-25 15:01:10,532 Epoch: [7][190/200]	Time 0.397s (0.507s)	Speed 80.5 samples/s	Data 0.003s (0.004s)	Loss 0.01195 (0.01320)
2022-11-25 15:01:14,106 Test: [0/200]	Time 0.084 (0.084)	Loss 0.0660 (0.0660)
2022-11-25 15:01:14,414 Test: [10/200]	Time 0.026 (0.036)	Loss 0.0116 (0.0548)
2022-11-25 15:01:14,703 Test: [20/200]	Time 0.024 (0.032)	Loss 0.0267 (0.0566)
2022-11-25 15:01:14,998 Test: [30/200]	Time 0.027 (0.032)	Loss 0.0848 (0.0619)
2022-11-25 15:01:15,431 Test: [40/200]	Time 0.032 (0.034)	Loss 0.0535 (0.0632)
2022-11-25 15:01:15,728 Test: [50/200]	Time 0.026 (0.033)	Loss 0.1091 (0.0640)
2022-11-25 15:01:16,011 Test: [60/200]	Time 0.024 (0.033)	Loss 0.0955 (0.0653)
2022-11-25 15:01:16,308 Test: [70/200]	Time 0.025 (0.032)	Loss 0.0443 (0.0647)
2022-11-25 15:01:16,622 Test: [80/200]	Time 0.024 (0.032)	Loss 0.0752 (0.0628)
2022-11-25 15:01:16,909 Test: [90/200]	Time 0.025 (0.032)	Loss 0.0933 (0.0641)
2022-11-25 15:01:17,236 Test: [100/200]	Time 0.028 (0.032)	Loss 0.0936 (0.0637)
2022-11-25 15:01:17,538 Test: [110/200]	Time 0.023 (0.032)	Loss 0.1358 (0.0646)
2022-11-25 15:01:17,826 Test: [120/200]	Time 0.025 (0.031)	Loss 0.0710 (0.0632)
2022-11-25 15:01:18,169 Test: [130/200]	Time 0.029 (0.032)	Loss 0.0536 (0.0634)
2022-11-25 15:01:18,494 Test: [140/200]	Time 0.027 (0.032)	Loss 0.0639 (0.0632)
2022-11-25 15:01:18,790 Test: [150/200]	Time 0.025 (0.032)	Loss 0.0559 (0.0621)
2022-11-25 15:01:19,076 Test: [160/200]	Time 0.026 (0.031)	Loss 0.0600 (0.0622)
2022-11-25 15:01:19,371 Test: [170/200]	Time 0.024 (0.031)	Loss 0.0354 (0.0614)
2022-11-25 15:01:19,711 Test: [180/200]	Time 0.030 (0.031)	Loss 0.0428 (0.0611)
2022-11-25 15:01:19,998 Test: [190/200]	Time 0.027 (0.031)	Loss 0.0270 (0.0614)
2022-11-25 15:01:21,381 Mean IoU score: 0.853
2022-11-25 15:01:21,383 => saving checkpoint to out
2022-11-25 15:01:22,038 Epoch: [8][0/200]	Time 0.613s (0.613s)	Speed 52.2 samples/s	Data 0.093s (0.093s)	Loss 0.01189 (0.01189)
2022-11-25 15:01:25,906 Epoch: [8][10/200]	Time 0.370s (0.407s)	Speed 86.5 samples/s	Data 0.002s (0.011s)	Loss 0.00991 (0.01156)
2022-11-25 15:01:29,746 Epoch: [8][20/200]	Time 0.380s (0.396s)	Speed 84.1 samples/s	Data 0.002s (0.007s)	Loss 0.01171 (0.01199)
2022-11-25 15:01:33,729 Epoch: [8][30/200]	Time 0.380s (0.397s)	Speed 84.3 samples/s	Data 0.002s (0.006s)	Loss 0.01142 (0.01193)
2022-11-25 15:01:37,638 Epoch: [8][40/200]	Time 0.379s (0.395s)	Speed 84.3 samples/s	Data 0.002s (0.005s)	Loss 0.00926 (0.01180)
2022-11-25 15:01:41,580 Epoch: [8][50/200]	Time 0.386s (0.395s)	Speed 82.9 samples/s	Data 0.002s (0.004s)	Loss 0.01209 (0.01191)
2022-11-25 15:01:45,508 Epoch: [8][60/200]	Time 0.395s (0.395s)	Speed 81.0 samples/s	Data 0.003s (0.004s)	Loss 0.01294 (0.01182)
2022-11-25 15:01:49,375 Epoch: [8][70/200]	Time 0.380s (0.394s)	Speed 84.3 samples/s	Data 0.003s (0.004s)	Loss 0.01131 (0.01171)
2022-11-25 15:01:53,362 Epoch: [8][80/200]	Time 0.402s (0.394s)	Speed 79.7 samples/s	Data 0.002s (0.004s)	Loss 0.00906 (0.01165)
2022-11-25 15:01:57,332 Epoch: [8][90/200]	Time 0.380s (0.395s)	Speed 84.2 samples/s	Data 0.003s (0.004s)	Loss 0.00908 (0.01153)
2022-11-25 15:02:01,272 Epoch: [8][100/200]	Time 0.384s (0.395s)	Speed 83.4 samples/s	Data 0.003s (0.004s)	Loss 0.01175 (0.01159)
2022-11-25 15:02:05,143 Epoch: [8][110/200]	Time 0.379s (0.394s)	Speed 84.4 samples/s	Data 0.002s (0.003s)	Loss 0.01277 (0.01158)
2022-11-25 15:02:09,266 Epoch: [8][120/200]	Time 0.382s (0.395s)	Speed 83.7 samples/s	Data 0.002s (0.003s)	Loss 0.01203 (0.01165)
2022-11-25 15:02:13,221 Epoch: [8][130/200]	Time 0.378s (0.395s)	Speed 84.7 samples/s	Data 0.003s (0.003s)	Loss 0.00816 (0.01164)
2022-11-25 15:02:17,159 Epoch: [8][140/200]	Time 0.380s (0.395s)	Speed 84.3 samples/s	Data 0.003s (0.003s)	Loss 0.01427 (0.01167)
2022-11-25 15:02:21,046 Epoch: [8][150/200]	Time 0.379s (0.395s)	Speed 84.4 samples/s	Data 0.002s (0.003s)	Loss 0.01065 (0.01162)
2022-11-25 15:02:24,988 Epoch: [8][160/200]	Time 0.383s (0.395s)	Speed 83.5 samples/s	Data 0.003s (0.003s)	Loss 0.01255 (0.01164)
2022-11-25 15:02:28,878 Epoch: [8][170/200]	Time 0.381s (0.394s)	Speed 84.1 samples/s	Data 0.002s (0.003s)	Loss 0.01055 (0.01164)
2022-11-25 15:02:32,820 Epoch: [8][180/200]	Time 0.377s (0.394s)	Speed 84.8 samples/s	Data 0.002s (0.003s)	Loss 0.01316 (0.01163)
2022-11-25 15:02:36,755 Epoch: [8][190/200]	Time 0.391s (0.394s)	Speed 81.8 samples/s	Data 0.003s (0.003s)	Loss 0.01280 (0.01158)
2022-11-25 15:02:40,316 Test: [0/200]	Time 0.074 (0.074)	Loss 0.0629 (0.0629)
2022-11-25 15:02:40,661 Test: [10/200]	Time 0.035 (0.038)	Loss 0.0146 (0.0512)
2022-11-25 15:02:40,970 Test: [20/200]	Time 0.032 (0.035)	Loss 0.0248 (0.0519)
2022-11-25 15:02:41,302 Test: [30/200]	Time 0.034 (0.034)	Loss 0.0720 (0.0562)
2022-11-25 15:02:41,590 Test: [40/200]	Time 0.023 (0.033)	Loss 0.0448 (0.0584)
2022-11-25 15:02:41,886 Test: [50/200]	Time 0.026 (0.032)	Loss 0.0997 (0.0598)
2022-11-25 15:02:42,227 Test: [60/200]	Time 0.028 (0.033)	Loss 0.0891 (0.0607)
2022-11-25 15:02:42,512 Test: [70/200]	Time 0.026 (0.032)	Loss 0.0375 (0.0601)
2022-11-25 15:02:42,809 Test: [80/200]	Time 0.033 (0.032)	Loss 0.0949 (0.0586)
2022-11-25 15:02:43,119 Test: [90/200]	Time 0.025 (0.032)	Loss 0.0882 (0.0602)
2022-11-25 15:02:43,431 Test: [100/200]	Time 0.028 (0.032)	Loss 0.0819 (0.0598)
2022-11-25 15:02:43,778 Test: [110/200]	Time 0.029 (0.032)	Loss 0.1308 (0.0605)
2022-11-25 15:02:44,067 Test: [120/200]	Time 0.027 (0.032)	Loss 0.0719 (0.0593)
2022-11-25 15:02:44,379 Test: [130/200]	Time 0.032 (0.032)	Loss 0.0506 (0.0596)
2022-11-25 15:02:44,683 Test: [140/200]	Time 0.026 (0.031)	Loss 0.0625 (0.0593)
2022-11-25 15:02:44,981 Test: [150/200]	Time 0.025 (0.031)	Loss 0.0582 (0.0582)
2022-11-25 15:02:45,326 Test: [160/200]	Time 0.032 (0.032)	Loss 0.0647 (0.0585)
2022-11-25 15:02:45,650 Test: [170/200]	Time 0.024 (0.032)	Loss 0.0398 (0.0579)
2022-11-25 15:02:45,943 Test: [180/200]	Time 0.028 (0.031)	Loss 0.0450 (0.0575)
2022-11-25 15:02:46,259 Test: [190/200]	Time 0.028 (0.031)	Loss 0.0269 (0.0577)
2022-11-25 15:02:47,498 Mean IoU score: 0.860
2022-11-25 15:02:47,500 => saving checkpoint to out
2022-11-25 15:02:48,195 Epoch: [9][0/200]	Time 0.640s (0.640s)	Speed 50.0 samples/s	Data 0.078s (0.078s)	Loss 0.01136 (0.01136)
2022-11-25 15:02:52,153 Epoch: [9][10/200]	Time 0.376s (0.418s)	Speed 85.1 samples/s	Data 0.002s (0.010s)	Loss 0.01028 (0.01058)
2022-11-25 15:02:56,025 Epoch: [9][20/200]	Time 0.390s (0.403s)	Speed 82.1 samples/s	Data 0.003s (0.006s)	Loss 0.01485 (0.01087)
2022-11-25 15:02:59,854 Epoch: [9][30/200]	Time 0.376s (0.397s)	Speed 85.0 samples/s	Data 0.002s (0.005s)	Loss 0.00949 (0.01096)
2022-11-25 15:03:03,739 Epoch: [9][40/200]	Time 0.374s (0.395s)	Speed 85.6 samples/s	Data 0.003s (0.005s)	Loss 0.01076 (0.01097)
2022-11-25 15:03:08,723 Epoch: [9][50/200]	Time 0.562s (0.415s)	Speed 57.0 samples/s	Data 0.006s (0.004s)	Loss 0.00761 (0.01085)
2022-11-25 15:03:13,388 Epoch: [9][60/200]	Time 0.381s (0.423s)	Speed 84.0 samples/s	Data 0.003s (0.004s)	Loss 0.01070 (0.01067)
2022-11-25 15:03:17,436 Epoch: [9][70/200]	Time 0.391s (0.421s)	Speed 81.9 samples/s	Data 0.003s (0.004s)	Loss 0.01060 (0.01069)
2022-11-25 15:03:21,308 Epoch: [9][80/200]	Time 0.384s (0.417s)	Speed 83.2 samples/s	Data 0.003s (0.004s)	Loss 0.00771 (0.01072)
2022-11-25 15:03:25,369 Epoch: [9][90/200]	Time 0.394s (0.416s)	Speed 81.3 samples/s	Data 0.002s (0.004s)	Loss 0.01100 (0.01065)
2022-11-25 15:03:29,201 Epoch: [9][100/200]	Time 0.379s (0.412s)	Speed 84.4 samples/s	Data 0.003s (0.004s)	Loss 0.01557 (0.01070)
2022-11-25 15:03:33,096 Epoch: [9][110/200]	Time 0.401s (0.410s)	Speed 79.8 samples/s	Data 0.003s (0.004s)	Loss 0.01149 (0.01068)
2022-11-25 15:03:37,044 Epoch: [9][120/200]	Time 0.373s (0.409s)	Speed 85.7 samples/s	Data 0.002s (0.003s)	Loss 0.01003 (0.01063)
2022-11-25 15:03:40,916 Epoch: [9][130/200]	Time 0.389s (0.407s)	Speed 82.3 samples/s	Data 0.002s (0.003s)	Loss 0.00796 (0.01068)
2022-11-25 15:03:45,239 Epoch: [9][140/200]	Time 0.394s (0.409s)	Speed 81.2 samples/s	Data 0.003s (0.003s)	Loss 0.01120 (0.01067)
2022-11-25 15:03:49,096 Epoch: [9][150/200]	Time 0.387s (0.408s)	Speed 82.6 samples/s	Data 0.003s (0.003s)	Loss 0.00890 (0.01065)
2022-11-25 15:03:52,978 Epoch: [9][160/200]	Time 0.391s (0.406s)	Speed 81.9 samples/s	Data 0.003s (0.003s)	Loss 0.01128 (0.01065)
2022-11-25 15:03:56,962 Epoch: [9][170/200]	Time 0.381s (0.406s)	Speed 84.0 samples/s	Data 0.003s (0.003s)	Loss 0.01048 (0.01060)
2022-11-25 15:04:00,822 Epoch: [9][180/200]	Time 0.375s (0.405s)	Speed 85.3 samples/s	Data 0.003s (0.003s)	Loss 0.00980 (0.01058)
2022-11-25 15:04:04,721 Epoch: [9][190/200]	Time 0.385s (0.404s)	Speed 83.2 samples/s	Data 0.003s (0.003s)	Loss 0.00799 (0.01054)
2022-11-25 15:04:08,394 Test: [0/200]	Time 0.084 (0.084)	Loss 0.0627 (0.0627)
2022-11-25 15:04:08,699 Test: [10/200]	Time 0.027 (0.035)	Loss 0.0192 (0.0524)
2022-11-25 15:04:08,995 Test: [20/200]	Time 0.033 (0.033)	Loss 0.0227 (0.0513)
2022-11-25 15:04:09,342 Test: [30/200]	Time 0.034 (0.033)	Loss 0.0868 (0.0549)
2022-11-25 15:04:09,656 Test: [40/200]	Time 0.027 (0.033)	Loss 0.0542 (0.0574)
2022-11-25 15:04:09,972 Test: [50/200]	Time 0.032 (0.033)	Loss 0.1046 (0.0583)
2022-11-25 15:04:10,295 Test: [60/200]	Time 0.029 (0.033)	Loss 0.0846 (0.0596)
2022-11-25 15:04:10,598 Test: [70/200]	Time 0.025 (0.032)	Loss 0.0398 (0.0593)
2022-11-25 15:04:10,943 Test: [80/200]	Time 0.030 (0.032)	Loss 0.0922 (0.0576)
2022-11-25 15:04:11,231 Test: [90/200]	Time 0.027 (0.032)	Loss 0.0796 (0.0590)
2022-11-25 15:04:11,521 Test: [100/200]	Time 0.027 (0.032)	Loss 0.0771 (0.0585)
2022-11-25 15:04:11,815 Test: [110/200]	Time 0.026 (0.032)	Loss 0.1386 (0.0598)
2022-11-25 15:04:12,105 Test: [120/200]	Time 0.027 (0.031)	Loss 0.0763 (0.0588)
2022-11-25 15:04:12,401 Test: [130/200]	Time 0.027 (0.031)	Loss 0.0461 (0.0592)
2022-11-25 15:04:12,749 Test: [140/200]	Time 0.030 (0.031)	Loss 0.0658 (0.0589)
2022-11-25 15:04:13,072 Test: [150/200]	Time 0.024 (0.032)	Loss 0.0503 (0.0578)
2022-11-25 15:04:13,393 Test: [160/200]	Time 0.034 (0.032)	Loss 0.0647 (0.0581)
2022-11-25 15:04:13,692 Test: [170/200]	Time 0.027 (0.031)	Loss 0.0358 (0.0577)
2022-11-25 15:04:14,002 Test: [180/200]	Time 0.028 (0.031)	Loss 0.0406 (0.0574)
2022-11-25 15:04:14,353 Test: [190/200]	Time 0.033 (0.032)	Loss 0.0299 (0.0574)
2022-11-25 15:04:15,627 Mean IoU score: 0.861
2022-11-25 15:04:15,629 => saving checkpoint to out
2022-11-25 15:04:16,253 Epoch: [10][0/200]	Time 0.567s (0.567s)	Speed 56.4 samples/s	Data 0.089s (0.089s)	Loss 0.00735 (0.00735)
2022-11-25 15:04:20,151 Epoch: [10][10/200]	Time 0.383s (0.406s)	Speed 83.6 samples/s	Data 0.003s (0.010s)	Loss 0.00764 (0.00939)
2022-11-25 15:04:24,085 Epoch: [10][20/200]	Time 0.380s (0.400s)	Speed 84.2 samples/s	Data 0.003s (0.007s)	Loss 0.00926 (0.00904)
2022-11-25 15:04:28,007 Epoch: [10][30/200]	Time 0.399s (0.397s)	Speed 80.2 samples/s	Data 0.003s (0.005s)	Loss 0.01030 (0.00934)
2022-11-25 15:04:31,974 Epoch: [10][40/200]	Time 0.373s (0.397s)	Speed 85.8 samples/s	Data 0.002s (0.005s)	Loss 0.00806 (0.00957)
2022-11-25 15:04:35,857 Epoch: [10][50/200]	Time 0.384s (0.396s)	Speed 83.3 samples/s	Data 0.002s (0.004s)	Loss 0.01198 (0.00960)
2022-11-25 15:04:39,851 Epoch: [10][60/200]	Time 0.377s (0.396s)	Speed 84.8 samples/s	Data 0.003s (0.004s)	Loss 0.01283 (0.00966)
2022-11-25 15:04:43,731 Epoch: [10][70/200]	Time 0.377s (0.395s)	Speed 84.9 samples/s	Data 0.003s (0.004s)	Loss 0.00861 (0.00966)
2022-11-25 15:04:47,615 Epoch: [10][80/200]	Time 0.400s (0.394s)	Speed 80.1 samples/s	Data 0.003s (0.004s)	Loss 0.01026 (0.00965)
2022-11-25 15:04:51,505 Epoch: [10][90/200]	Time 0.385s (0.394s)	Speed 83.1 samples/s	Data 0.002s (0.004s)	Loss 0.00786 (0.00966)
2022-11-25 15:04:55,471 Epoch: [10][100/200]	Time 0.403s (0.394s)	Speed 79.4 samples/s	Data 0.002s (0.004s)	Loss 0.00904 (0.00971)
2022-11-25 15:04:59,300 Epoch: [10][110/200]	Time 0.384s (0.393s)	Speed 83.3 samples/s	Data 0.003s (0.003s)	Loss 0.00813 (0.00971)
2022-11-25 15:05:03,236 Epoch: [10][120/200]	Time 0.384s (0.393s)	Speed 83.3 samples/s	Data 0.003s (0.003s)	Loss 0.01117 (0.00982)
2022-11-25 15:05:07,144 Epoch: [10][130/200]	Time 0.384s (0.393s)	Speed 83.3 samples/s	Data 0.003s (0.003s)	Loss 0.01011 (0.00987)
2022-11-25 15:05:11,018 Epoch: [10][140/200]	Time 0.382s (0.392s)	Speed 83.8 samples/s	Data 0.003s (0.003s)	Loss 0.01020 (0.00989)
2022-11-25 15:05:14,944 Epoch: [10][150/200]	Time 0.377s (0.392s)	Speed 84.9 samples/s	Data 0.002s (0.003s)	Loss 0.00961 (0.00990)
2022-11-25 15:05:18,805 Epoch: [10][160/200]	Time 0.378s (0.392s)	Speed 84.6 samples/s	Data 0.002s (0.003s)	Loss 0.00896 (0.00991)
2022-11-25 15:05:22,762 Epoch: [10][170/200]	Time 0.393s (0.392s)	Speed 81.4 samples/s	Data 0.004s (0.003s)	Loss 0.01145 (0.00993)
2022-11-25 15:05:26,651 Epoch: [10][180/200]	Time 0.376s (0.392s)	Speed 85.2 samples/s	Data 0.002s (0.003s)	Loss 0.00942 (0.00989)
2022-11-25 15:05:30,498 Epoch: [10][190/200]	Time 0.391s (0.392s)	Speed 81.8 samples/s	Data 0.002s (0.003s)	Loss 0.01037 (0.00989)
2022-11-25 15:05:34,070 Test: [0/200]	Time 0.075 (0.075)	Loss 0.0604 (0.0604)
2022-11-25 15:05:34,365 Test: [10/200]	Time 0.026 (0.034)	Loss 0.0086 (0.0529)
2022-11-25 15:05:34,704 Test: [20/200]	Time 0.033 (0.034)	Loss 0.0242 (0.0537)
2022-11-25 15:05:35,039 Test: [30/200]	Time 0.032 (0.034)	Loss 0.0747 (0.0570)
2022-11-25 15:05:35,368 Test: [40/200]	Time 0.026 (0.033)	Loss 0.0505 (0.0599)
2022-11-25 15:05:35,660 Test: [50/200]	Time 0.026 (0.033)	Loss 0.1000 (0.0611)
2022-11-25 15:05:35,946 Test: [60/200]	Time 0.028 (0.032)	Loss 0.0870 (0.0625)
2022-11-25 15:05:36,243 Test: [70/200]	Time 0.030 (0.032)	Loss 0.0396 (0.0621)
2022-11-25 15:05:36,535 Test: [80/200]	Time 0.025 (0.031)	Loss 0.0689 (0.0603)
2022-11-25 15:05:36,818 Test: [90/200]	Time 0.024 (0.031)	Loss 0.0678 (0.0618)
2022-11-25 15:05:37,105 Test: [100/200]	Time 0.026 (0.031)	Loss 0.0898 (0.0614)
2022-11-25 15:05:37,389 Test: [110/200]	Time 0.024 (0.031)	Loss 0.1442 (0.0627)
2022-11-25 15:05:37,673 Test: [120/200]	Time 0.026 (0.030)	Loss 0.0761 (0.0614)
2022-11-25 15:05:37,953 Test: [130/200]	Time 0.025 (0.030)	Loss 0.0510 (0.0616)
2022-11-25 15:05:38,261 Test: [140/200]	Time 0.026 (0.030)	Loss 0.0621 (0.0614)
2022-11-25 15:05:38,617 Test: [150/200]	Time 0.024 (0.031)	Loss 0.0548 (0.0601)
2022-11-25 15:05:38,905 Test: [160/200]	Time 0.027 (0.030)	Loss 0.0584 (0.0603)
2022-11-25 15:05:39,200 Test: [170/200]	Time 0.027 (0.030)	Loss 0.0314 (0.0596)
2022-11-25 15:05:39,491 Test: [180/200]	Time 0.026 (0.030)	Loss 0.0361 (0.0593)
2022-11-25 15:05:39,783 Test: [190/200]	Time 0.027 (0.030)	Loss 0.0266 (0.0594)
2022-11-25 15:05:41,139 Mean IoU score: 0.859
2022-11-25 15:05:41,141 => saving checkpoint to out
2022-11-25 15:05:41,725 Epoch: [11][0/200]	Time 0.543s (0.543s)	Speed 58.9 samples/s	Data 0.093s (0.093s)	Loss 0.00832 (0.00832)
2022-11-25 15:05:45,552 Epoch: [11][10/200]	Time 0.380s (0.397s)	Speed 84.2 samples/s	Data 0.002s (0.011s)	Loss 0.00955 (0.00858)
2022-11-25 15:05:49,377 Epoch: [11][20/200]	Time 0.384s (0.390s)	Speed 83.4 samples/s	Data 0.002s (0.007s)	Loss 0.01128 (0.00880)
2022-11-25 15:05:53,215 Epoch: [11][30/200]	Time 0.385s (0.388s)	Speed 83.1 samples/s	Data 0.002s (0.006s)	Loss 0.00844 (0.00886)
2022-11-25 15:05:57,047 Epoch: [11][40/200]	Time 0.379s (0.387s)	Speed 84.5 samples/s	Data 0.002s (0.005s)	Loss 0.01207 (0.00902)
2022-11-25 15:06:00,882 Epoch: [11][50/200]	Time 0.372s (0.386s)	Speed 86.0 samples/s	Data 0.002s (0.004s)	Loss 0.00892 (0.00913)
2022-11-25 15:06:04,761 Epoch: [11][60/200]	Time 0.391s (0.387s)	Speed 81.9 samples/s	Data 0.003s (0.004s)	Loss 0.01021 (0.00918)
2022-11-25 15:06:08,488 Epoch: [11][70/200]	Time 0.335s (0.385s)	Speed 95.5 samples/s	Data 0.002s (0.004s)	Loss 0.00927 (0.00911)
2022-11-25 15:06:11,777 Epoch: [11][80/200]	Time 0.322s (0.378s)	Speed 99.4 samples/s	Data 0.002s (0.004s)	Loss 0.00882 (0.00908)
2022-11-25 15:06:15,045 Epoch: [11][90/200]	Time 0.320s (0.372s)	Speed 99.9 samples/s	Data 0.002s (0.004s)	Loss 0.00874 (0.00904)
2022-11-25 15:06:18,795 Epoch: [11][100/200]	Time 0.455s (0.372s)	Speed 70.4 samples/s	Data 0.002s (0.003s)	Loss 0.00906 (0.00903)
2022-11-25 15:06:22,581 Epoch: [11][110/200]	Time 0.411s (0.373s)	Speed 77.8 samples/s	Data 0.002s (0.003s)	Loss 0.01042 (0.00898)
2022-11-25 15:06:26,381 Epoch: [11][120/200]	Time 0.370s (0.374s)	Speed 86.5 samples/s	Data 0.003s (0.003s)	Loss 0.00775 (0.00896)
2022-11-25 15:06:30,442 Epoch: [11][130/200]	Time 0.484s (0.376s)	Speed 66.1 samples/s	Data 0.003s (0.003s)	Loss 0.00821 (0.00896)
2022-11-25 15:06:34,325 Epoch: [11][140/200]	Time 0.568s (0.377s)	Speed 56.3 samples/s	Data 0.003s (0.003s)	Loss 0.01159 (0.00904)
2022-11-25 15:06:39,328 Epoch: [11][150/200]	Time 0.489s (0.385s)	Speed 65.4 samples/s	Data 0.002s (0.003s)	Loss 0.01122 (0.00903)
2022-11-25 15:06:43,234 Epoch: [11][160/200]	Time 0.375s (0.385s)	Speed 85.3 samples/s	Data 0.002s (0.003s)	Loss 0.01096 (0.00907)
2022-11-25 15:06:47,448 Epoch: [11][170/200]	Time 0.377s (0.388s)	Speed 85.0 samples/s	Data 0.003s (0.003s)	Loss 0.01058 (0.00913)
2022-11-25 15:06:51,504 Epoch: [11][180/200]	Time 0.378s (0.389s)	Speed 84.6 samples/s	Data 0.003s (0.003s)	Loss 0.00862 (0.00915)
2022-11-25 15:06:55,463 Epoch: [11][190/200]	Time 0.456s (0.389s)	Speed 70.2 samples/s	Data 0.002s (0.003s)	Loss 0.00959 (0.00917)
2022-11-25 15:06:59,021 Test: [0/200]	Time 0.082 (0.082)	Loss 0.0612 (0.0612)
2022-11-25 15:06:59,356 Test: [10/200]	Time 0.025 (0.038)	Loss 0.0237 (0.0553)
2022-11-25 15:06:59,659 Test: [20/200]	Time 0.026 (0.034)	Loss 0.0232 (0.0538)
2022-11-25 15:06:59,967 Test: [30/200]	Time 0.026 (0.033)	Loss 0.0833 (0.0586)
2022-11-25 15:07:00,333 Test: [40/200]	Time 0.032 (0.034)	Loss 0.0475 (0.0608)
2022-11-25 15:07:00,682 Test: [50/200]	Time 0.026 (0.034)	Loss 0.1096 (0.0613)
2022-11-25 15:07:01,026 Test: [60/200]	Time 0.029 (0.034)	Loss 0.0862 (0.0628)
2022-11-25 15:07:01,390 Test: [70/200]	Time 0.033 (0.035)	Loss 0.0389 (0.0623)
2022-11-25 15:07:01,743 Test: [80/200]	Time 0.034 (0.035)	Loss 0.0711 (0.0604)
2022-11-25 15:07:02,071 Test: [90/200]	Time 0.024 (0.034)	Loss 0.0777 (0.0618)
2022-11-25 15:07:02,412 Test: [100/200]	Time 0.024 (0.034)	Loss 0.0849 (0.0611)
2022-11-25 15:07:02,743 Test: [110/200]	Time 0.024 (0.034)	Loss 0.1234 (0.0619)
2022-11-25 15:07:03,096 Test: [120/200]	Time 0.031 (0.034)	Loss 0.0667 (0.0606)
2022-11-25 15:07:03,462 Test: [130/200]	Time 0.032 (0.035)	Loss 0.0504 (0.0611)
2022-11-25 15:07:03,820 Test: [140/200]	Time 0.032 (0.035)	Loss 0.0645 (0.0608)
2022-11-25 15:07:04,148 Test: [150/200]	Time 0.025 (0.034)	Loss 0.0557 (0.0596)
2022-11-25 15:07:04,459 Test: [160/200]	Time 0.026 (0.034)	Loss 0.0608 (0.0597)
2022-11-25 15:07:04,771 Test: [170/200]	Time 0.026 (0.034)	Loss 0.0342 (0.0590)
2022-11-25 15:07:05,099 Test: [180/200]	Time 0.027 (0.034)	Loss 0.0346 (0.0587)
2022-11-25 15:07:05,439 Test: [190/200]	Time 0.023 (0.034)	Loss 0.0257 (0.0587)
2022-11-25 15:07:06,901 Mean IoU score: 0.860
2022-11-25 15:07:06,903 => saving checkpoint to out
2022-11-25 15:07:07,525 Epoch: [12][0/200]	Time 0.591s (0.591s)	Speed 54.1 samples/s	Data 0.103s (0.103s)	Loss 0.01162 (0.01162)
2022-11-25 15:07:11,451 Epoch: [12][10/200]	Time 0.433s (0.411s)	Speed 73.9 samples/s	Data 0.002s (0.012s)	Loss 0.01006 (0.01005)
2022-11-25 15:07:15,434 Epoch: [12][20/200]	Time 0.385s (0.405s)	Speed 83.2 samples/s	Data 0.002s (0.007s)	Loss 0.01075 (0.00926)
2022-11-25 15:07:20,383 Epoch: [12][30/200]	Time 0.720s (0.434s)	Speed 44.4 samples/s	Data 0.004s (0.006s)	Loss 0.00971 (0.00911)
2022-11-25 15:07:25,832 Epoch: [12][40/200]	Time 0.412s (0.461s)	Speed 77.7 samples/s	Data 0.005s (0.005s)	Loss 0.00891 (0.00903)
2022-11-25 15:07:31,358 Epoch: [12][50/200]	Time 0.398s (0.479s)	Speed 80.4 samples/s	Data 0.002s (0.005s)	Loss 0.00887 (0.00892)
2022-11-25 15:07:35,795 Epoch: [12][60/200]	Time 0.383s (0.473s)	Speed 83.5 samples/s	Data 0.003s (0.005s)	Loss 0.00659 (0.00890)
2022-11-25 15:07:40,918 Epoch: [12][70/200]	Time 0.610s (0.479s)	Speed 52.5 samples/s	Data 0.004s (0.004s)	Loss 0.01013 (0.00886)
2022-11-25 15:07:45,126 Epoch: [12][80/200]	Time 0.402s (0.472s)	Speed 79.7 samples/s	Data 0.002s (0.004s)	Loss 0.00939 (0.00890)
2022-11-25 15:07:49,510 Epoch: [12][90/200]	Time 0.534s (0.468s)	Speed 59.9 samples/s	Data 0.003s (0.004s)	Loss 0.00738 (0.00890)
2022-11-25 15:07:54,368 Epoch: [12][100/200]	Time 0.493s (0.470s)	Speed 64.9 samples/s	Data 0.004s (0.004s)	Loss 0.00866 (0.00888)
2022-11-25 15:07:58,962 Epoch: [12][110/200]	Time 0.449s (0.469s)	Speed 71.3 samples/s	Data 0.002s (0.004s)	Loss 0.00832 (0.00894)
2022-11-25 15:08:03,152 Epoch: [12][120/200]	Time 0.425s (0.465s)	Speed 75.3 samples/s	Data 0.002s (0.004s)	Loss 0.00791 (0.00893)
2022-11-25 15:08:07,409 Epoch: [12][130/200]	Time 0.427s (0.462s)	Speed 74.9 samples/s	Data 0.002s (0.004s)	Loss 0.00973 (0.00896)
2022-11-25 15:08:11,611 Epoch: [12][140/200]	Time 0.405s (0.459s)	Speed 79.1 samples/s	Data 0.002s (0.004s)	Loss 0.00950 (0.00899)
2022-11-25 15:08:15,745 Epoch: [12][150/200]	Time 0.417s (0.456s)	Speed 76.7 samples/s	Data 0.002s (0.004s)	Loss 0.00954 (0.00902)
2022-11-25 15:08:19,842 Epoch: [12][160/200]	Time 0.420s (0.453s)	Speed 76.3 samples/s	Data 0.002s (0.003s)	Loss 0.01098 (0.00901)
2022-11-25 15:08:24,130 Epoch: [12][170/200]	Time 0.430s (0.451s)	Speed 74.5 samples/s	Data 0.002s (0.003s)	Loss 0.00788 (0.00904)
2022-11-25 15:08:28,570 Epoch: [12][180/200]	Time 0.401s (0.451s)	Speed 79.8 samples/s	Data 0.002s (0.003s)	Loss 0.00808 (0.00903)
2022-11-25 15:08:32,613 Epoch: [12][190/200]	Time 0.327s (0.449s)	Speed 97.8 samples/s	Data 0.002s (0.003s)	Loss 0.00821 (0.00901)
2022-11-25 15:08:36,251 Test: [0/200]	Time 0.078 (0.078)	Loss 0.0614 (0.0614)
2022-11-25 15:08:36,495 Test: [10/200]	Time 0.020 (0.029)	Loss 0.0092 (0.0505)
2022-11-25 15:08:36,729 Test: [20/200]	Time 0.020 (0.027)	Loss 0.0295 (0.0531)
2022-11-25 15:08:37,016 Test: [30/200]	Time 0.024 (0.027)	Loss 0.0854 (0.0589)
2022-11-25 15:08:37,287 Test: [40/200]	Time 0.028 (0.027)	Loss 0.0612 (0.0616)
2022-11-25 15:08:37,533 Test: [50/200]	Time 0.021 (0.027)	Loss 0.1097 (0.0630)
2022-11-25 15:08:37,778 Test: [60/200]	Time 0.021 (0.026)	Loss 0.0726 (0.0635)
2022-11-25 15:08:38,052 Test: [70/200]	Time 0.021 (0.026)	Loss 0.0446 (0.0630)
2022-11-25 15:08:38,305 Test: [80/200]	Time 0.025 (0.026)	Loss 0.0637 (0.0610)
2022-11-25 15:08:38,556 Test: [90/200]	Time 0.021 (0.026)	Loss 0.0765 (0.0628)
2022-11-25 15:08:38,802 Test: [100/200]	Time 0.022 (0.026)	Loss 0.0940 (0.0624)
2022-11-25 15:08:39,076 Test: [110/200]	Time 0.020 (0.026)	Loss 0.1542 (0.0634)
2022-11-25 15:08:39,322 Test: [120/200]	Time 0.021 (0.026)	Loss 0.0679 (0.0621)
2022-11-25 15:08:39,571 Test: [130/200]	Time 0.023 (0.026)	Loss 0.0551 (0.0621)
2022-11-25 15:08:39,817 Test: [140/200]	Time 0.022 (0.026)	Loss 0.0627 (0.0622)
2022-11-25 15:08:40,076 Test: [150/200]	Time 0.022 (0.026)	Loss 0.0500 (0.0608)
2022-11-25 15:08:40,351 Test: [160/200]	Time 0.028 (0.026)	Loss 0.0542 (0.0610)
2022-11-25 15:08:40,604 Test: [170/200]	Time 0.021 (0.026)	Loss 0.0287 (0.0604)
2022-11-25 15:08:40,907 Test: [180/200]	Time 0.032 (0.026)	Loss 0.0438 (0.0602)
2022-11-25 15:08:41,276 Test: [190/200]	Time 0.028 (0.027)	Loss 0.0264 (0.0605)
2022-11-25 15:08:42,693 Mean IoU score: 0.857
2022-11-25 15:08:42,697 => saving checkpoint to out
2022-11-25 15:08:43,418 Epoch: [13][0/200]	Time 0.684s (0.684s)	Speed 46.8 samples/s	Data 0.098s (0.098s)	Loss 0.00653 (0.00653)
2022-11-25 15:08:49,257 Epoch: [13][10/200]	Time 0.334s (0.593s)	Speed 95.9 samples/s	Data 0.002s (0.013s)	Loss 0.00749 (0.00893)
2022-11-25 15:08:52,621 Epoch: [13][20/200]	Time 0.323s (0.471s)	Speed 99.0 samples/s	Data 0.002s (0.008s)	Loss 0.00629 (0.00842)
2022-11-25 15:08:55,976 Epoch: [13][30/200]	Time 0.324s (0.427s)	Speed 98.7 samples/s	Data 0.002s (0.006s)	Loss 0.00771 (0.00860)
2022-11-25 15:08:59,317 Epoch: [13][40/200]	Time 0.324s (0.404s)	Speed 98.6 samples/s	Data 0.002s (0.005s)	Loss 0.00987 (0.00864)
2022-11-25 15:09:02,685 Epoch: [13][50/200]	Time 0.332s (0.391s)	Speed 96.3 samples/s	Data 0.002s (0.005s)	Loss 0.01072 (0.00880)
2022-11-25 15:09:06,040 Epoch: [13][60/200]	Time 0.323s (0.382s)	Speed 99.1 samples/s	Data 0.002s (0.004s)	Loss 0.01094 (0.00894)
2022-11-25 15:09:09,399 Epoch: [13][70/200]	Time 0.330s (0.376s)	Speed 96.9 samples/s	Data 0.003s (0.004s)	Loss 0.01246 (0.00899)
2022-11-25 15:09:12,769 Epoch: [13][80/200]	Time 0.329s (0.371s)	Speed 97.3 samples/s	Data 0.002s (0.004s)	Loss 0.01291 (0.00919)
2022-11-25 15:09:16,110 Epoch: [13][90/200]	Time 0.336s (0.367s)	Speed 95.2 samples/s	Data 0.002s (0.004s)	Loss 0.01372 (0.00934)
2022-11-25 15:09:19,490 Epoch: [13][100/200]	Time 0.344s (0.364s)	Speed 93.1 samples/s	Data 0.002s (0.004s)	Loss 0.00824 (0.00952)
2022-11-25 15:09:22,933 Epoch: [13][110/200]	Time 0.334s (0.362s)	Speed 95.8 samples/s	Data 0.002s (0.003s)	Loss 0.01197 (0.00991)
2022-11-25 15:09:28,244 Epoch: [13][120/200]	Time 0.436s (0.376s)	Speed 73.5 samples/s	Data 0.002s (0.004s)	Loss 0.01588 (0.01026)
2022-11-25 15:09:33,443 Epoch: [13][130/200]	Time 0.443s (0.387s)	Speed 72.2 samples/s	Data 0.003s (0.003s)	Loss 0.01819 (0.01075)
2022-11-25 15:09:41,872 Epoch: [13][140/200]	Time 0.941s (0.419s)	Speed 34.0 samples/s	Data 0.004s (0.004s)	Loss 0.01653 (0.01131)
2022-11-25 15:09:47,855 Epoch: [13][150/200]	Time 0.551s (0.431s)	Speed 58.1 samples/s	Data 0.002s (0.004s)	Loss 0.01906 (0.01181)
2022-11-25 15:09:55,996 Epoch: [13][160/200]	Time 0.941s (0.455s)	Speed 34.0 samples/s	Data 0.003s (0.004s)	Loss 0.02264 (0.01236)
2022-11-25 15:10:04,889 Epoch: [13][170/200]	Time 0.966s (0.480s)	Speed 33.1 samples/s	Data 0.003s (0.004s)	Loss 0.02479 (0.01281)
2022-11-25 15:10:12,678 Epoch: [13][180/200]	Time 0.435s (0.497s)	Speed 73.5 samples/s	Data 0.003s (0.004s)	Loss 0.01959 (0.01312)
2022-11-25 15:10:18,447 Epoch: [13][190/200]	Time 0.557s (0.501s)	Speed 57.4 samples/s	Data 0.007s (0.004s)	Loss 0.01981 (0.01346)
2022-11-25 15:10:23,080 Test: [0/200]	Time 0.109 (0.109)	Loss 0.1190 (0.1190)
2022-11-25 15:10:23,647 Test: [10/200]	Time 0.041 (0.061)	Loss 0.0273 (0.0911)
2022-11-25 15:10:24,089 Test: [20/200]	Time 0.042 (0.053)	Loss 0.0476 (0.0971)
2022-11-25 15:10:24,525 Test: [30/200]	Time 0.048 (0.050)	Loss 0.1474 (0.1062)
2022-11-25 15:10:24,992 Test: [40/200]	Time 0.040 (0.049)	Loss 0.0788 (0.1130)
2022-11-25 15:10:25,443 Test: [50/200]	Time 0.041 (0.048)	Loss 0.1623 (0.1131)
2022-11-25 15:10:25,903 Test: [60/200]	Time 0.057 (0.048)	Loss 0.1130 (0.1131)
2022-11-25 15:10:26,358 Test: [70/200]	Time 0.049 (0.048)	Loss 0.1355 (0.1132)
2022-11-25 15:10:26,830 Test: [80/200]	Time 0.037 (0.048)	Loss 0.1497 (0.1119)
2022-11-25 15:10:27,267 Test: [90/200]	Time 0.043 (0.047)	Loss 0.1482 (0.1138)
2022-11-25 15:10:27,730 Test: [100/200]	Time 0.075 (0.047)	Loss 0.1631 (0.1127)
2022-11-25 15:10:28,541 Test: [110/200]	Time 0.086 (0.050)	Loss 0.2614 (0.1146)
2022-11-25 15:10:29,304 Test: [120/200]	Time 0.068 (0.052)	Loss 0.0896 (0.1125)
2022-11-25 15:10:30,062 Test: [130/200]	Time 0.078 (0.054)	Loss 0.1044 (0.1130)
2022-11-25 15:10:30,881 Test: [140/200]	Time 0.071 (0.056)	Loss 0.0928 (0.1121)
2022-11-25 15:10:31,695 Test: [150/200]	Time 0.071 (0.058)	Loss 0.0787 (0.1111)
2022-11-25 15:10:32,490 Test: [160/200]	Time 0.080 (0.059)	Loss 0.1305 (0.1119)
2022-11-25 15:10:33,184 Test: [170/200]	Time 0.062 (0.060)	Loss 0.1064 (0.1114)
2022-11-25 15:10:34,026 Test: [180/200]	Time 0.070 (0.061)	Loss 0.0762 (0.1099)
2022-11-25 15:10:34,879 Test: [190/200]	Time 0.073 (0.062)	Loss 0.0463 (0.1099)
2022-11-25 15:10:40,162 Mean IoU score: 0.738
2022-11-25 15:10:40,182 => saving checkpoint to out
2022-11-25 15:10:41,580 Epoch: [14][0/200]	Time 1.302s (1.302s)	Speed 24.6 samples/s	Data 0.164s (0.164s)	Loss 0.01551 (0.01551)
2022-11-25 15:10:51,030 Epoch: [14][10/200]	Time 0.946s (0.978s)	Speed 33.8 samples/s	Data 0.004s (0.021s)	Loss 0.01359 (0.01801)
2022-11-25 15:10:59,898 Epoch: [14][20/200]	Time 0.914s (0.934s)	Speed 35.0 samples/s	Data 0.003s (0.013s)	Loss 0.02134 (0.01695)
2022-11-25 15:11:08,672 Epoch: [14][30/200]	Time 0.908s (0.916s)	Speed 35.2 samples/s	Data 0.008s (0.011s)	Loss 0.01764 (0.01691)
2022-11-25 15:11:18,118 Epoch: [14][40/200]	Time 0.897s (0.923s)	Speed 35.7 samples/s	Data 0.006s (0.010s)	Loss 0.01425 (0.01695)
2022-11-25 15:11:27,083 Epoch: [14][50/200]	Time 0.902s (0.918s)	Speed 35.5 samples/s	Data 0.007s (0.010s)	Loss 0.02210 (0.01700)
2022-11-25 15:11:35,683 Epoch: [14][60/200]	Time 0.827s (0.908s)	Speed 38.7 samples/s	Data 0.007s (0.009s)	Loss 0.01190 (0.01662)
2022-11-25 15:11:44,358 Epoch: [14][70/200]	Time 0.830s (0.903s)	Speed 38.5 samples/s	Data 0.005s (0.009s)	Loss 0.01459 (0.01630)
2022-11-25 15:11:53,336 Epoch: [14][80/200]	Time 0.882s (0.902s)	Speed 36.3 samples/s	Data 0.006s (0.009s)	Loss 0.01361 (0.01588)
2022-11-25 15:12:02,134 Epoch: [14][90/200]	Time 0.945s (0.900s)	Speed 33.9 samples/s	Data 0.008s (0.009s)	Loss 0.01816 (0.01587)
2022-11-25 15:12:10,943 Epoch: [14][100/200]	Time 0.916s (0.898s)	Speed 34.9 samples/s	Data 0.010s (0.008s)	Loss 0.01663 (0.01581)
2022-11-25 15:12:19,532 Epoch: [14][110/200]	Time 0.955s (0.894s)	Speed 33.5 samples/s	Data 0.004s (0.008s)	Loss 0.01070 (0.01575)
2022-11-25 15:12:28,423 Epoch: [14][120/200]	Time 0.909s (0.894s)	Speed 35.2 samples/s	Data 0.003s (0.008s)	Loss 0.01124 (0.01551)
2022-11-25 15:12:37,272 Epoch: [14][130/200]	Time 0.908s (0.893s)	Speed 35.3 samples/s	Data 0.003s (0.008s)	Loss 0.00974 (0.01517)
2022-11-25 15:12:45,900 Epoch: [14][140/200]	Time 0.926s (0.891s)	Speed 34.6 samples/s	Data 0.008s (0.008s)	Loss 0.00971 (0.01505)
2022-11-25 15:12:55,595 Epoch: [14][150/200]	Time 0.857s (0.896s)	Speed 37.3 samples/s	Data 0.003s (0.008s)	Loss 0.01281 (0.01488)
2022-11-25 15:13:04,281 Epoch: [14][160/200]	Time 0.899s (0.894s)	Speed 35.6 samples/s	Data 0.012s (0.008s)	Loss 0.01008 (0.01480)
2022-11-25 15:13:13,382 Epoch: [14][170/200]	Time 0.896s (0.895s)	Speed 35.7 samples/s	Data 0.004s (0.008s)	Loss 0.01282 (0.01469)
2022-11-25 15:13:22,434 Epoch: [14][180/200]	Time 0.978s (0.896s)	Speed 32.7 samples/s	Data 0.010s (0.008s)	Loss 0.01252 (0.01459)
2022-11-25 15:13:31,056 Epoch: [14][190/200]	Time 0.740s (0.894s)	Speed 43.2 samples/s	Data 0.010s (0.007s)	Loss 0.01174 (0.01459)
2022-11-25 15:13:39,233 Test: [0/200]	Time 0.218 (0.218)	Loss 0.0841 (0.0841)
2022-11-25 15:13:40,093 Test: [10/200]	Time 0.082 (0.098)	Loss 0.0279 (0.0800)
2022-11-25 15:13:40,833 Test: [20/200]	Time 0.067 (0.087)	Loss 0.0370 (0.0828)
2022-11-25 15:13:41,730 Test: [30/200]	Time 0.088 (0.088)	Loss 0.1374 (0.0909)
2022-11-25 15:13:42,542 Test: [40/200]	Time 0.049 (0.086)	Loss 0.1077 (0.0970)
2022-11-25 15:13:43,359 Test: [50/200]	Time 0.075 (0.085)	Loss 0.1400 (0.0970)
2022-11-25 15:13:44,200 Test: [60/200]	Time 0.085 (0.085)	Loss 0.1299 (0.0991)
2022-11-25 15:13:45,009 Test: [70/200]	Time 0.076 (0.084)	Loss 0.0981 (0.0987)
2022-11-25 15:13:45,869 Test: [80/200]	Time 0.084 (0.085)	Loss 0.0888 (0.0964)
2022-11-25 15:13:46,648 Test: [90/200]	Time 0.067 (0.084)	Loss 0.1231 (0.0974)
2022-11-25 15:13:47,498 Test: [100/200]	Time 0.099 (0.084)	Loss 0.1531 (0.0970)
2022-11-25 15:13:48,294 Test: [110/200]	Time 0.072 (0.084)	Loss 0.1435 (0.0974)
2022-11-25 15:13:49,080 Test: [120/200]	Time 0.051 (0.083)	Loss 0.0973 (0.0954)
2022-11-25 15:13:49,938 Test: [130/200]	Time 0.084 (0.083)	Loss 0.0875 (0.0960)
2022-11-25 15:13:50,784 Test: [140/200]	Time 0.084 (0.083)	Loss 0.0635 (0.0953)
2022-11-25 15:13:51,641 Test: [150/200]	Time 0.079 (0.084)	Loss 0.0961 (0.0939)
2022-11-25 15:13:52,542 Test: [160/200]	Time 0.069 (0.084)	Loss 0.0940 (0.0936)
2022-11-25 15:13:53,362 Test: [170/200]	Time 0.080 (0.084)	Loss 0.1015 (0.0928)
2022-11-25 15:13:54,195 Test: [180/200]	Time 0.063 (0.084)	Loss 0.0700 (0.0922)
2022-11-25 15:13:55,024 Test: [190/200]	Time 0.086 (0.084)	Loss 0.0352 (0.0918)
2022-11-25 15:13:59,936 Mean IoU score: 0.782
2022-11-25 15:13:59,949 => saving checkpoint to out
2022-11-25 15:14:01,348 Epoch: [15][0/200]	Time 1.308s (1.308s)	Speed 24.5 samples/s	Data 0.202s (0.202s)	Loss 0.01013 (0.01013)
2022-11-25 15:14:09,960 Epoch: [15][10/200]	Time 0.946s (0.902s)	Speed 33.8 samples/s	Data 0.003s (0.025s)	Loss 0.01709 (0.01267)
2022-11-25 15:14:18,930 Epoch: [15][20/200]	Time 0.874s (0.900s)	Speed 36.6 samples/s	Data 0.011s (0.016s)	Loss 0.01054 (0.01210)
2022-11-25 15:14:27,648 Epoch: [15][30/200]	Time 0.826s (0.891s)	Speed 38.7 samples/s	Data 0.008s (0.013s)	Loss 0.00968 (0.01201)
2022-11-25 15:14:35,916 Epoch: [15][40/200]	Time 0.819s (0.875s)	Speed 39.1 samples/s	Data 0.010s (0.011s)	Loss 0.01159 (0.01145)
2022-11-25 15:14:44,510 Epoch: [15][50/200]	Time 0.956s (0.872s)	Speed 33.5 samples/s	Data 0.014s (0.010s)	Loss 0.01299 (0.01115)
2022-11-25 15:14:52,998 Epoch: [15][60/200]	Time 0.878s (0.868s)	Speed 36.4 samples/s	Data 0.007s (0.010s)	Loss 0.00943 (0.01108)
2022-11-25 15:15:01,274 Epoch: [15][70/200]	Time 0.843s (0.862s)	Speed 37.9 samples/s	Data 0.007s (0.009s)	Loss 0.00845 (0.01093)
2022-11-25 15:15:09,731 Epoch: [15][80/200]	Time 0.764s (0.860s)	Speed 41.9 samples/s	Data 0.003s (0.009s)	Loss 0.01041 (0.01077)
2022-11-25 15:15:17,899 Epoch: [15][90/200]	Time 0.845s (0.856s)	Speed 37.9 samples/s	Data 0.004s (0.008s)	Loss 0.00876 (0.01068)
2022-11-25 15:15:26,494 Epoch: [15][100/200]	Time 0.902s (0.856s)	Speed 35.5 samples/s	Data 0.010s (0.008s)	Loss 0.01139 (0.01062)
2022-11-25 15:15:34,186 Epoch: [15][110/200]	Time 0.785s (0.848s)	Speed 40.8 samples/s	Data 0.003s (0.008s)	Loss 0.00654 (0.01052)
2022-11-25 15:15:42,408 Epoch: [15][120/200]	Time 0.777s (0.846s)	Speed 41.2 samples/s	Data 0.007s (0.008s)	Loss 0.00989 (0.01042)
2022-11-25 15:15:50,118 Epoch: [15][130/200]	Time 0.754s (0.840s)	Speed 42.4 samples/s	Data 0.010s (0.008s)	Loss 0.00928 (0.01033)
2022-11-25 15:15:58,335 Epoch: [15][140/200]	Time 0.842s (0.839s)	Speed 38.0 samples/s	Data 0.003s (0.008s)	Loss 0.01522 (0.01031)
2022-11-25 15:16:06,186 Epoch: [15][150/200]	Time 0.872s (0.835s)	Speed 36.7 samples/s	Data 0.011s (0.007s)	Loss 0.01333 (0.01032)
2022-11-25 15:16:14,583 Epoch: [15][160/200]	Time 0.867s (0.836s)	Speed 36.9 samples/s	Data 0.010s (0.007s)	Loss 0.01119 (0.01028)
2022-11-25 15:16:22,475 Epoch: [15][170/200]	Time 0.820s (0.833s)	Speed 39.0 samples/s	Data 0.006s (0.007s)	Loss 0.00740 (0.01022)
2022-11-25 15:16:30,106 Epoch: [15][180/200]	Time 0.839s (0.829s)	Speed 38.2 samples/s	Data 0.003s (0.007s)	Loss 0.00768 (0.01015)
2022-11-25 15:16:37,944 Epoch: [15][190/200]	Time 0.719s (0.827s)	Speed 44.5 samples/s	Data 0.003s (0.007s)	Loss 0.00739 (0.01008)
2022-11-25 15:16:46,071 Test: [0/200]	Time 0.269 (0.269)	Loss 0.0523 (0.0523)
2022-11-25 15:16:46,859 Test: [10/200]	Time 0.084 (0.096)	Loss 0.0079 (0.0471)
2022-11-25 15:16:47,561 Test: [20/200]	Time 0.075 (0.084)	Loss 0.0218 (0.0491)
2022-11-25 15:16:48,307 Test: [30/200]	Time 0.067 (0.081)	Loss 0.0738 (0.0533)
2022-11-25 15:16:49,012 Test: [40/200]	Time 0.062 (0.078)	Loss 0.0475 (0.0558)
2022-11-25 15:16:49,752 Test: [50/200]	Time 0.057 (0.077)	Loss 0.0981 (0.0553)
2022-11-25 15:16:50,459 Test: [60/200]	Time 0.065 (0.076)	Loss 0.0660 (0.0567)
2022-11-25 15:16:51,152 Test: [70/200]	Time 0.075 (0.075)	Loss 0.0482 (0.0561)
2022-11-25 15:16:51,892 Test: [80/200]	Time 0.078 (0.075)	Loss 0.0522 (0.0547)
2022-11-25 15:16:52,562 Test: [90/200]	Time 0.075 (0.074)	Loss 0.0576 (0.0563)
2022-11-25 15:16:53,348 Test: [100/200]	Time 0.070 (0.075)	Loss 0.0708 (0.0557)
2022-11-25 15:16:54,008 Test: [110/200]	Time 0.066 (0.074)	Loss 0.1274 (0.0566)
2022-11-25 15:16:54,764 Test: [120/200]	Time 0.075 (0.074)	Loss 0.0709 (0.0555)
2022-11-25 15:16:55,360 Test: [130/200]	Time 0.053 (0.073)	Loss 0.0451 (0.0560)
2022-11-25 15:16:56,068 Test: [140/200]	Time 0.062 (0.073)	Loss 0.0669 (0.0555)
2022-11-25 15:16:56,734 Test: [150/200]	Time 0.059 (0.072)	Loss 0.0409 (0.0544)
2022-11-25 15:16:57,364 Test: [160/200]	Time 0.059 (0.072)	Loss 0.0522 (0.0545)
2022-11-25 15:16:58,060 Test: [170/200]	Time 0.063 (0.072)	Loss 0.0463 (0.0542)
2022-11-25 15:16:58,780 Test: [180/200]	Time 0.070 (0.072)	Loss 0.0406 (0.0537)
2022-11-25 15:16:59,464 Test: [190/200]	Time 0.069 (0.072)	Loss 0.0203 (0.0536)
2022-11-25 15:17:03,450 Mean IoU score: 0.870
2022-11-25 15:17:03,468 => saving checkpoint to out
2022-11-25 15:17:04,757 Epoch: [16][0/200]	Time 1.178s (1.178s)	Speed 27.2 samples/s	Data 0.169s (0.169s)	Loss 0.00757 (0.00757)
2022-11-25 15:17:13,018 Epoch: [16][10/200]	Time 0.807s (0.858s)	Speed 39.7 samples/s	Data 0.004s (0.021s)	Loss 0.00839 (0.00841)
2022-11-25 15:17:20,827 Epoch: [16][20/200]	Time 0.806s (0.821s)	Speed 39.7 samples/s	Data 0.011s (0.014s)	Loss 0.00902 (0.00880)
2022-11-25 15:17:28,363 Epoch: [16][30/200]	Time 0.730s (0.799s)	Speed 43.9 samples/s	Data 0.005s (0.012s)	Loss 0.00817 (0.00862)
2022-11-25 15:17:35,853 Epoch: [16][40/200]	Time 0.659s (0.787s)	Speed 48.5 samples/s	Data 0.003s (0.010s)	Loss 0.00883 (0.00852)
2022-11-25 15:17:43,845 Epoch: [16][50/200]	Time 0.848s (0.790s)	Speed 37.7 samples/s	Data 0.003s (0.009s)	Loss 0.00931 (0.00841)
2022-11-25 15:17:52,607 Epoch: [16][60/200]	Time 0.838s (0.804s)	Speed 38.2 samples/s	Data 0.007s (0.008s)	Loss 0.00924 (0.00839)
2022-11-25 15:18:01,040 Epoch: [16][70/200]	Time 0.818s (0.809s)	Speed 39.1 samples/s	Data 0.003s (0.008s)	Loss 0.00771 (0.00838)
2022-11-25 15:18:08,949 Epoch: [16][80/200]	Time 0.758s (0.807s)	Speed 42.2 samples/s	Data 0.003s (0.007s)	Loss 0.00557 (0.00829)
2022-11-25 15:18:16,905 Epoch: [16][90/200]	Time 0.744s (0.806s)	Speed 43.0 samples/s	Data 0.008s (0.007s)	Loss 0.01021 (0.00840)
2022-11-25 15:18:24,805 Epoch: [16][100/200]	Time 0.777s (0.804s)	Speed 41.2 samples/s	Data 0.003s (0.007s)	Loss 0.01074 (0.00843)
2022-11-25 15:18:32,522 Epoch: [16][110/200]	Time 0.739s (0.801s)	Speed 43.3 samples/s	Data 0.003s (0.007s)	Loss 0.00791 (0.00841)
2022-11-25 15:18:40,659 Epoch: [16][120/200]	Time 0.841s (0.802s)	Speed 38.0 samples/s	Data 0.006s (0.007s)	Loss 0.01031 (0.00844)
2022-11-25 15:18:48,851 Epoch: [16][130/200]	Time 0.763s (0.804s)	Speed 42.0 samples/s	Data 0.005s (0.007s)	Loss 0.00819 (0.00837)
2022-11-25 15:18:57,359 Epoch: [16][140/200]	Time 0.739s (0.807s)	Speed 43.3 samples/s	Data 0.003s (0.006s)	Loss 0.00879 (0.00835)
2022-11-25 15:19:05,587 Epoch: [16][150/200]	Time 0.754s (0.808s)	Speed 42.5 samples/s	Data 0.005s (0.006s)	Loss 0.00845 (0.00833)
2022-11-25 15:19:13,381 Epoch: [16][160/200]	Time 0.756s (0.806s)	Speed 42.4 samples/s	Data 0.003s (0.006s)	Loss 0.00728 (0.00832)
2022-11-25 15:19:21,327 Epoch: [16][170/200]	Time 0.750s (0.806s)	Speed 42.7 samples/s	Data 0.007s (0.006s)	Loss 0.01064 (0.00834)
2022-11-25 15:19:29,599 Epoch: [16][180/200]	Time 0.792s (0.807s)	Speed 40.4 samples/s	Data 0.006s (0.006s)	Loss 0.00718 (0.00829)
2022-11-25 15:19:37,535 Epoch: [16][190/200]	Time 0.793s (0.806s)	Speed 40.4 samples/s	Data 0.005s (0.006s)	Loss 0.00842 (0.00829)
2022-11-25 15:19:44,543 Test: [0/200]	Time 0.192 (0.192)	Loss 0.0531 (0.0531)
2022-11-25 15:19:45,222 Test: [10/200]	Time 0.061 (0.079)	Loss 0.0079 (0.0449)
2022-11-25 15:19:45,867 Test: [20/200]	Time 0.066 (0.072)	Loss 0.0206 (0.0471)
2022-11-25 15:19:46,496 Test: [30/200]	Time 0.060 (0.069)	Loss 0.0638 (0.0519)
2022-11-25 15:19:47,219 Test: [40/200]	Time 0.069 (0.070)	Loss 0.0389 (0.0543)
2022-11-25 15:19:47,875 Test: [50/200]	Time 0.076 (0.069)	Loss 0.0927 (0.0542)
2022-11-25 15:19:48,560 Test: [60/200]	Time 0.071 (0.069)	Loss 0.0667 (0.0549)
2022-11-25 15:19:49,292 Test: [70/200]	Time 0.063 (0.070)	Loss 0.0372 (0.0540)
2022-11-25 15:19:49,987 Test: [80/200]	Time 0.059 (0.070)	Loss 0.0534 (0.0527)
2022-11-25 15:19:50,674 Test: [90/200]	Time 0.063 (0.069)	Loss 0.0642 (0.0546)
2022-11-25 15:19:51,480 Test: [100/200]	Time 0.068 (0.071)	Loss 0.0645 (0.0538)
2022-11-25 15:19:52,284 Test: [110/200]	Time 0.060 (0.071)	Loss 0.1232 (0.0547)
2022-11-25 15:19:53,026 Test: [120/200]	Time 0.069 (0.072)	Loss 0.0606 (0.0535)
2022-11-25 15:19:53,690 Test: [130/200]	Time 0.063 (0.071)	Loss 0.0406 (0.0539)
2022-11-25 15:19:54,312 Test: [140/200]	Time 0.059 (0.071)	Loss 0.0646 (0.0536)
2022-11-25 15:19:54,886 Test: [150/200]	Time 0.059 (0.070)	Loss 0.0564 (0.0525)
2022-11-25 15:19:55,570 Test: [160/200]	Time 0.063 (0.070)	Loss 0.0539 (0.0528)
2022-11-25 15:19:56,259 Test: [170/200]	Time 0.067 (0.070)	Loss 0.0363 (0.0523)
2022-11-25 15:19:56,890 Test: [180/200]	Time 0.061 (0.069)	Loss 0.0364 (0.0520)
2022-11-25 15:19:57,485 Test: [190/200]	Time 0.061 (0.069)	Loss 0.0190 (0.0520)
2022-11-25 15:20:01,497 Mean IoU score: 0.875
2022-11-25 15:20:01,511 => saving checkpoint to out
2022-11-25 15:20:02,664 Epoch: [17][0/200]	Time 1.054s (1.054s)	Speed 30.4 samples/s	Data 0.148s (0.148s)	Loss 0.00821 (0.00821)
2022-11-25 15:20:10,237 Epoch: [17][10/200]	Time 0.759s (0.784s)	Speed 42.2 samples/s	Data 0.004s (0.018s)	Loss 0.00734 (0.00696)
2022-11-25 15:20:18,374 Epoch: [17][20/200]	Time 0.805s (0.798s)	Speed 39.8 samples/s	Data 0.003s (0.012s)	Loss 0.00803 (0.00728)
2022-11-25 15:20:25,829 Epoch: [17][30/200]	Time 0.802s (0.781s)	Speed 39.9 samples/s	Data 0.008s (0.010s)	Loss 0.00719 (0.00730)
2022-11-25 15:20:34,162 Epoch: [17][40/200]	Time 0.858s (0.794s)	Speed 37.3 samples/s	Data 0.009s (0.010s)	Loss 0.00769 (0.00749)
2022-11-25 15:20:41,975 Epoch: [17][50/200]	Time 0.837s (0.791s)	Speed 38.2 samples/s	Data 0.003s (0.009s)	Loss 0.00871 (0.00760)
2022-11-25 15:20:49,402 Epoch: [17][60/200]	Time 0.771s (0.783s)	Speed 41.5 samples/s	Data 0.003s (0.008s)	Loss 0.00941 (0.00762)
2022-11-25 15:20:57,209 Epoch: [17][70/200]	Time 0.760s (0.783s)	Speed 42.1 samples/s	Data 0.007s (0.008s)	Loss 0.00703 (0.00764)
2022-11-25 15:21:05,092 Epoch: [17][80/200]	Time 0.716s (0.784s)	Speed 44.7 samples/s	Data 0.003s (0.008s)	Loss 0.00909 (0.00763)
2022-11-25 15:21:13,485 Epoch: [17][90/200]	Time 0.801s (0.790s)	Speed 39.9 samples/s	Data 0.003s (0.007s)	Loss 0.00775 (0.00761)
2022-11-25 15:21:21,732 Epoch: [17][100/200]	Time 0.818s (0.793s)	Speed 39.1 samples/s	Data 0.010s (0.007s)	Loss 0.00638 (0.00755)
2022-11-25 15:21:29,780 Epoch: [17][110/200]	Time 0.883s (0.794s)	Speed 36.2 samples/s	Data 0.003s (0.007s)	Loss 0.00550 (0.00759)
2022-11-25 15:21:37,681 Epoch: [17][120/200]	Time 0.758s (0.794s)	Speed 42.2 samples/s	Data 0.005s (0.007s)	Loss 0.00691 (0.00758)
2022-11-25 15:21:45,492 Epoch: [17][130/200]	Time 0.718s (0.793s)	Speed 44.6 samples/s	Data 0.003s (0.007s)	Loss 0.00838 (0.00758)
2022-11-25 15:21:53,330 Epoch: [17][140/200]	Time 0.696s (0.792s)	Speed 46.0 samples/s	Data 0.003s (0.007s)	Loss 0.00610 (0.00755)
2022-11-25 15:22:00,805 Epoch: [17][150/200]	Time 0.797s (0.789s)	Speed 40.2 samples/s	Data 0.003s (0.007s)	Loss 0.00607 (0.00755)
2022-11-25 15:22:08,564 Epoch: [17][160/200]	Time 0.827s (0.789s)	Speed 38.7 samples/s	Data 0.011s (0.007s)	Loss 0.00753 (0.00756)
2022-11-25 15:22:16,309 Epoch: [17][170/200]	Time 0.818s (0.788s)	Speed 39.1 samples/s	Data 0.008s (0.007s)	Loss 0.00752 (0.00758)
2022-11-25 15:22:24,363 Epoch: [17][180/200]	Time 0.908s (0.789s)	Speed 35.3 samples/s	Data 0.003s (0.006s)	Loss 0.00662 (0.00755)
2022-11-25 15:22:32,192 Epoch: [17][190/200]	Time 0.849s (0.788s)	Speed 37.7 samples/s	Data 0.005s (0.006s)	Loss 0.00759 (0.00754)
2022-11-25 15:22:40,081 Test: [0/200]	Time 0.211 (0.211)	Loss 0.0626 (0.0626)
2022-11-25 15:22:40,805 Test: [10/200]	Time 0.061 (0.085)	Loss 0.0081 (0.0473)
2022-11-25 15:22:41,443 Test: [20/200]	Time 0.057 (0.075)	Loss 0.0200 (0.0504)
2022-11-25 15:22:42,007 Test: [30/200]	Time 0.052 (0.069)	Loss 0.0652 (0.0547)
2022-11-25 15:22:42,660 Test: [40/200]	Time 0.059 (0.068)	Loss 0.0411 (0.0575)
2022-11-25 15:22:43,317 Test: [50/200]	Time 0.059 (0.068)	Loss 0.0926 (0.0568)
2022-11-25 15:22:43,961 Test: [60/200]	Time 0.054 (0.067)	Loss 0.0629 (0.0570)
2022-11-25 15:22:44,603 Test: [70/200]	Time 0.063 (0.067)	Loss 0.0423 (0.0564)
2022-11-25 15:22:45,225 Test: [80/200]	Time 0.048 (0.066)	Loss 0.0537 (0.0549)
2022-11-25 15:22:45,896 Test: [90/200]	Time 0.069 (0.066)	Loss 0.0587 (0.0565)
2022-11-25 15:22:46,707 Test: [100/200]	Time 0.082 (0.068)	Loss 0.0650 (0.0556)
2022-11-25 15:22:47,527 Test: [110/200]	Time 0.064 (0.069)	Loss 0.1258 (0.0566)
2022-11-25 15:22:48,242 Test: [120/200]	Time 0.070 (0.069)	Loss 0.0593 (0.0552)
2022-11-25 15:22:48,955 Test: [130/200]	Time 0.065 (0.069)	Loss 0.0463 (0.0555)
2022-11-25 15:22:49,631 Test: [140/200]	Time 0.060 (0.069)	Loss 0.0672 (0.0551)
2022-11-25 15:22:50,259 Test: [150/200]	Time 0.063 (0.069)	Loss 0.0504 (0.0539)
2022-11-25 15:22:50,944 Test: [160/200]	Time 0.067 (0.069)	Loss 0.0659 (0.0542)
2022-11-25 15:22:51,650 Test: [170/200]	Time 0.072 (0.069)	Loss 0.0327 (0.0538)
2022-11-25 15:22:52,415 Test: [180/200]	Time 0.064 (0.069)	Loss 0.0351 (0.0534)
2022-11-25 15:22:53,108 Test: [190/200]	Time 0.061 (0.069)	Loss 0.0184 (0.0533)
2022-11-25 15:22:57,722 Mean IoU score: 0.875
2022-11-25 15:22:57,730 => saving checkpoint to out
2022-11-25 15:22:58,993 Epoch: [18][0/200]	Time 1.195s (1.195s)	Speed 26.8 samples/s	Data 0.166s (0.166s)	Loss 0.00797 (0.00797)
2022-11-25 15:23:07,182 Epoch: [18][10/200]	Time 0.843s (0.853s)	Speed 38.0 samples/s	Data 0.005s (0.019s)	Loss 0.00604 (0.00746)
2022-11-25 15:23:14,185 Epoch: [18][20/200]	Time 0.732s (0.780s)	Speed 43.7 samples/s	Data 0.003s (0.012s)	Loss 0.00930 (0.00751)
2022-11-25 15:23:21,895 Epoch: [18][30/200]	Time 0.738s (0.777s)	Speed 43.4 samples/s	Data 0.003s (0.010s)	Loss 0.00667 (0.00723)
2022-11-25 15:23:29,595 Epoch: [18][40/200]	Time 0.829s (0.776s)	Speed 38.6 samples/s	Data 0.004s (0.009s)	Loss 0.00897 (0.00718)
2022-11-25 15:23:36,942 Epoch: [18][50/200]	Time 0.722s (0.768s)	Speed 44.3 samples/s	Data 0.003s (0.008s)	Loss 0.00648 (0.00707)
2022-11-25 15:23:43,961 Epoch: [18][60/200]	Time 0.721s (0.757s)	Speed 44.4 samples/s	Data 0.010s (0.007s)	Loss 0.00496 (0.00703)
2022-11-25 15:23:51,520 Epoch: [18][70/200]	Time 0.817s (0.757s)	Speed 39.2 samples/s	Data 0.006s (0.007s)	Loss 0.00715 (0.00700)
2022-11-25 15:23:59,154 Epoch: [18][80/200]	Time 0.751s (0.757s)	Speed 42.6 samples/s	Data 0.013s (0.007s)	Loss 0.00674 (0.00693)
2022-11-25 15:24:06,777 Epoch: [18][90/200]	Time 0.711s (0.758s)	Speed 45.0 samples/s	Data 0.003s (0.007s)	Loss 0.00605 (0.00701)
2022-11-25 15:24:14,486 Epoch: [18][100/200]	Time 0.749s (0.759s)	Speed 42.7 samples/s	Data 0.010s (0.007s)	Loss 0.00870 (0.00699)
2022-11-25 15:24:21,549 Epoch: [18][110/200]	Time 0.671s (0.755s)	Speed 47.7 samples/s	Data 0.013s (0.007s)	Loss 0.00818 (0.00702)
2022-11-25 15:24:28,582 Epoch: [18][120/200]	Time 0.675s (0.750s)	Speed 47.4 samples/s	Data 0.004s (0.007s)	Loss 0.00723 (0.00702)
2022-11-25 15:24:35,588 Epoch: [18][130/200]	Time 0.709s (0.746s)	Speed 45.2 samples/s	Data 0.007s (0.006s)	Loss 0.00872 (0.00704)
2022-11-25 15:24:43,102 Epoch: [18][140/200]	Time 0.846s (0.747s)	Speed 37.8 samples/s	Data 0.007s (0.006s)	Loss 0.00624 (0.00706)
2022-11-25 15:24:50,623 Epoch: [18][150/200]	Time 0.756s (0.747s)	Speed 42.3 samples/s	Data 0.004s (0.006s)	Loss 0.00651 (0.00704)
2022-11-25 15:24:58,364 Epoch: [18][160/200]	Time 0.833s (0.749s)	Speed 38.4 samples/s	Data 0.005s (0.006s)	Loss 0.00534 (0.00706)
2022-11-25 15:25:06,106 Epoch: [18][170/200]	Time 0.784s (0.750s)	Speed 40.8 samples/s	Data 0.003s (0.006s)	Loss 0.00789 (0.00704)
2022-11-25 15:25:13,070 Epoch: [18][180/200]	Time 0.691s (0.747s)	Speed 46.3 samples/s	Data 0.003s (0.006s)	Loss 0.00773 (0.00703)
2022-11-25 15:25:20,011 Epoch: [18][190/200]	Time 0.741s (0.745s)	Speed 43.2 samples/s	Data 0.011s (0.006s)	Loss 0.00724 (0.00702)
2022-11-25 15:25:26,825 Test: [0/200]	Time 0.209 (0.209)	Loss 0.0596 (0.0596)
2022-11-25 15:25:27,552 Test: [10/200]	Time 0.064 (0.085)	Loss 0.0070 (0.0476)
2022-11-25 15:25:28,366 Test: [20/200]	Time 0.089 (0.083)	Loss 0.0204 (0.0496)
2022-11-25 15:25:29,065 Test: [30/200]	Time 0.065 (0.079)	Loss 0.0637 (0.0549)
2022-11-25 15:25:29,771 Test: [40/200]	Time 0.057 (0.077)	Loss 0.0388 (0.0575)
2022-11-25 15:25:30,491 Test: [50/200]	Time 0.062 (0.076)	Loss 0.0944 (0.0574)
2022-11-25 15:25:31,206 Test: [60/200]	Time 0.062 (0.075)	Loss 0.0630 (0.0579)
2022-11-25 15:25:32,037 Test: [70/200]	Time 0.064 (0.076)	Loss 0.0418 (0.0569)
2022-11-25 15:25:32,739 Test: [80/200]	Time 0.077 (0.076)	Loss 0.0594 (0.0556)
2022-11-25 15:25:33,427 Test: [90/200]	Time 0.076 (0.075)	Loss 0.0573 (0.0572)
2022-11-25 15:25:34,100 Test: [100/200]	Time 0.049 (0.074)	Loss 0.0658 (0.0563)
2022-11-25 15:25:34,720 Test: [110/200]	Time 0.071 (0.073)	Loss 0.1200 (0.0570)
2022-11-25 15:25:35,447 Test: [120/200]	Time 0.067 (0.073)	Loss 0.0590 (0.0557)
2022-11-25 15:25:36,176 Test: [130/200]	Time 0.077 (0.073)	Loss 0.0494 (0.0560)
2022-11-25 15:25:36,946 Test: [140/200]	Time 0.064 (0.073)	Loss 0.0652 (0.0556)
2022-11-25 15:25:37,664 Test: [150/200]	Time 0.069 (0.073)	Loss 0.0501 (0.0545)
2022-11-25 15:25:38,442 Test: [160/200]	Time 0.063 (0.073)	Loss 0.0593 (0.0548)
2022-11-25 15:25:39,106 Test: [170/200]	Time 0.044 (0.073)	Loss 0.0445 (0.0543)
2022-11-25 15:25:39,733 Test: [180/200]	Time 0.062 (0.072)	Loss 0.0410 (0.0539)
2022-11-25 15:25:40,373 Test: [190/200]	Time 0.062 (0.072)	Loss 0.0191 (0.0539)
2022-11-25 15:25:44,031 Mean IoU score: 0.872
2022-11-25 15:25:44,045 => saving checkpoint to out
2022-11-25 15:25:45,233 Epoch: [19][0/200]	Time 1.118s (1.118s)	Speed 28.6 samples/s	Data 0.144s (0.144s)	Loss 0.00733 (0.00733)
2022-11-25 15:25:52,336 Epoch: [19][10/200]	Time 0.685s (0.747s)	Speed 46.7 samples/s	Data 0.005s (0.018s)	Loss 0.00754 (0.00657)
2022-11-25 15:25:59,169 Epoch: [19][20/200]	Time 0.651s (0.717s)	Speed 49.2 samples/s	Data 0.003s (0.011s)	Loss 0.00629 (0.00634)
2022-11-25 15:26:05,802 Epoch: [19][30/200]	Time 0.668s (0.700s)	Speed 47.9 samples/s	Data 0.008s (0.009s)	Loss 0.00737 (0.00639)
2022-11-25 15:26:12,675 Epoch: [19][40/200]	Time 0.701s (0.697s)	Speed 45.6 samples/s	Data 0.006s (0.008s)	Loss 0.00580 (0.00636)
2022-11-25 15:26:20,169 Epoch: [19][50/200]	Time 0.706s (0.707s)	Speed 45.3 samples/s	Data 0.004s (0.008s)	Loss 0.00705 (0.00643)
2022-11-25 15:26:27,749 Epoch: [19][60/200]	Time 0.757s (0.715s)	Speed 42.2 samples/s	Data 0.009s (0.007s)	Loss 0.00701 (0.00641)
2022-11-25 15:26:34,899 Epoch: [19][70/200]	Time 0.716s (0.715s)	Speed 44.7 samples/s	Data 0.003s (0.007s)	Loss 0.00586 (0.00639)
2022-11-25 15:26:42,622 Epoch: [19][80/200]	Time 0.777s (0.722s)	Speed 41.2 samples/s	Data 0.003s (0.007s)	Loss 0.00696 (0.00644)
2022-11-25 15:26:50,214 Epoch: [19][90/200]	Time 0.683s (0.726s)	Speed 46.8 samples/s	Data 0.005s (0.007s)	Loss 0.00656 (0.00647)
2022-11-25 15:26:57,286 Epoch: [19][100/200]	Time 0.656s (0.724s)	Speed 48.8 samples/s	Data 0.004s (0.006s)	Loss 0.00853 (0.00651)
2022-11-25 15:27:03,892 Epoch: [19][110/200]	Time 0.690s (0.719s)	Speed 46.4 samples/s	Data 0.003s (0.006s)	Loss 0.00585 (0.00649)
2022-11-25 15:27:11,274 Epoch: [19][120/200]	Time 0.826s (0.720s)	Speed 38.7 samples/s	Data 0.008s (0.006s)	Loss 0.00653 (0.00649)
2022-11-25 15:27:18,729 Epoch: [19][130/200]	Time 0.731s (0.722s)	Speed 43.8 samples/s	Data 0.003s (0.006s)	Loss 0.00650 (0.00650)
2022-11-25 15:27:25,999 Epoch: [19][140/200]	Time 0.676s (0.723s)	Speed 47.3 samples/s	Data 0.003s (0.006s)	Loss 0.00517 (0.00658)
2022-11-25 15:27:33,567 Epoch: [19][150/200]	Time 0.734s (0.725s)	Speed 43.6 samples/s	Data 0.005s (0.006s)	Loss 0.00672 (0.00659)
2022-11-25 15:27:41,852 Epoch: [19][160/200]	Time 0.890s (0.731s)	Speed 36.0 samples/s	Data 0.003s (0.006s)	Loss 0.00795 (0.00661)
2022-11-25 15:27:49,213 Epoch: [19][170/200]	Time 0.663s (0.732s)	Speed 48.3 samples/s	Data 0.005s (0.006s)	Loss 0.00554 (0.00660)
2022-11-25 15:27:56,239 Epoch: [19][180/200]	Time 0.814s (0.730s)	Speed 39.3 samples/s	Data 0.003s (0.006s)	Loss 0.00745 (0.00660)
2022-11-25 15:28:03,604 Epoch: [19][190/200]	Time 0.703s (0.730s)	Speed 45.5 samples/s	Data 0.007s (0.006s)	Loss 0.00696 (0.00663)
2022-11-25 15:28:11,033 Test: [0/200]	Time 0.200 (0.200)	Loss 0.0538 (0.0538)
2022-11-25 15:28:11,700 Test: [10/200]	Time 0.056 (0.079)	Loss 0.0076 (0.0492)
2022-11-25 15:28:12,323 Test: [20/200]	Time 0.049 (0.071)	Loss 0.0198 (0.0514)
2022-11-25 15:28:12,805 Test: [30/200]	Time 0.040 (0.064)	Loss 0.0728 (0.0568)
2022-11-25 15:28:13,314 Test: [40/200]	Time 0.041 (0.061)	Loss 0.0472 (0.0592)
2022-11-25 15:28:13,834 Test: [50/200]	Time 0.052 (0.059)	Loss 0.0936 (0.0592)
2022-11-25 15:28:14,332 Test: [60/200]	Time 0.048 (0.057)	Loss 0.0686 (0.0598)
2022-11-25 15:28:14,811 Test: [70/200]	Time 0.052 (0.056)	Loss 0.0379 (0.0587)
2022-11-25 15:28:15,300 Test: [80/200]	Time 0.044 (0.055)	Loss 0.0586 (0.0571)
2022-11-25 15:28:15,885 Test: [90/200]	Time 0.051 (0.056)	Loss 0.0630 (0.0586)
2022-11-25 15:28:16,432 Test: [100/200]	Time 0.055 (0.055)	Loss 0.0647 (0.0576)
2022-11-25 15:28:17,010 Test: [110/200]	Time 0.065 (0.056)	Loss 0.1334 (0.0587)
2022-11-25 15:28:17,653 Test: [120/200]	Time 0.059 (0.056)	Loss 0.0607 (0.0573)
2022-11-25 15:28:18,305 Test: [130/200]	Time 0.061 (0.057)	Loss 0.0484 (0.0574)
2022-11-25 15:28:18,953 Test: [140/200]	Time 0.059 (0.058)	Loss 0.0675 (0.0571)
2022-11-25 15:28:19,587 Test: [150/200]	Time 0.064 (0.058)	Loss 0.0465 (0.0559)
2022-11-25 15:28:20,264 Test: [160/200]	Time 0.062 (0.059)	Loss 0.0567 (0.0561)
2022-11-25 15:28:20,900 Test: [170/200]	Time 0.073 (0.059)	Loss 0.0368 (0.0555)
2022-11-25 15:28:21,516 Test: [180/200]	Time 0.063 (0.059)	Loss 0.0397 (0.0552)
2022-11-25 15:28:22,174 Test: [190/200]	Time 0.057 (0.059)	Loss 0.0186 (0.0551)
2022-11-25 15:28:25,623 Mean IoU score: 0.873
2022-11-25 15:28:25,634 => saving checkpoint to out
2022-11-25 15:28:25,674 saving final model state to out/final_state.pth.tar
